{"total": {"lines":{"total":1071,"covered":14,"skipped":0,"pct":1.3},"statements":{"total":1147,"covered":16,"skipped":0,"pct":1.39},"functions":{"total":269,"covered":8,"skipped":0,"pct":2.97},"branches":{"total":466,"covered":0,"skipped":0,"pct":0},"branchesTrue":{"total":0,"covered":0,"skipped":0,"pct":100}}
,"C:\\Users\\JackelineR\\OneDrive\\Escritorio\\proyecto\\Frontend-UnConnect\\app\\src\\hooks\\useChatDirecto.ts": {"lines":{"total":112,"covered":0,"skipped":0,"pct":0},"functions":{"total":28,"covered":0,"skipped":0,"pct":0},"statements":{"total":125,"covered":0,"skipped":0,"pct":0},"branches":{"total":48,"covered":0,"skipped":0,"pct":0}}
,"C:\\Users\\JackelineR\\OneDrive\\Escritorio\\proyecto\\Frontend-UnConnect\\app\\src\\hooks\\useGrupoArchivos.ts": {"lines":{"total":64,"covered":0,"skipped":0,"pct":0},"functions":{"total":5,"covered":0,"skipped":0,"pct":0},"statements":{"total":65,"covered":0,"skipped":0,"pct":0},"branches":{"total":23,"covered":0,"skipped":0,"pct":0}}
,"C:\\Users\\JackelineR\\OneDrive\\Escritorio\\proyecto\\Frontend-UnConnect\\app\\src\\hooks\\useGrupos.ts": {"lines":{"total":56,"covered":0,"skipped":0,"pct":0},"functions":{"total":8,"covered":0,"skipped":0,"pct":0},"statements":{"total":56,"covered":0,"skipped":0,"pct":0},"branches":{"total":12,"covered":0,"skipped":0,"pct":0}}
,"C:\\Users\\JackelineR\\OneDrive\\Escritorio\\proyecto\\Frontend-UnConnect\\app\\src\\hooks\\useIsDesktop.ts": {"lines":{"total":4,"covered":0,"skipped":0,"pct":0},"functions":{"total":1,"covered":0,"skipped":0,"pct":0},"statements":{"total":4,"covered":0,"skipped":0,"pct":0},"branches":{"total":0,"covered":0,"skipped":0,"pct":100}}
,"C:\\Users\\JackelineR\\OneDrive\\Escritorio\\proyecto\\Frontend-UnConnect\\app\\src\\hooks\\useMiembrosGrupo.ts": {"lines":{"total":38,"covered":0,"skipped":0,"pct":0},"functions":{"total":7,"covered":0,"skipped":0,"pct":0},"statements":{"total":39,"covered":0,"skipped":0,"pct":0},"branches":{"total":5,"covered":0,"skipped":0,"pct":0}}
,"C:\\Users\\JackelineR\\OneDrive\\Escritorio\\proyecto\\Frontend-UnConnect\\app\\src\\hooks\\useMiembrosGrupoChat.ts": {"lines":{"total":18,"covered":0,"skipped":0,"pct":0},"functions":{"total":2,"covered":0,"skipped":0,"pct":0},"statements":{"total":18,"covered":0,"skipped":0,"pct":0},"branches":{"total":2,"covered":0,"skipped":0,"pct":0}}
,"C:\\Users\\JackelineR\\OneDrive\\Escritorio\\proyecto\\Frontend-UnConnect\\app\\src\\hooks\\usePerfil.ts": {"lines":{"total":37,"covered":0,"skipped":0,"pct":0},"functions":{"total":4,"covered":0,"skipped":0,"pct":0},"statements":{"total":38,"covered":0,"skipped":0,"pct":0},"branches":{"total":5,"covered":0,"skipped":0,"pct":0}}
,"C:\\Users\\JackelineR\\OneDrive\\Escritorio\\proyecto\\Frontend-UnConnect\\app\\src\\hooks\\useUnreadNotifications.ts": {"lines":{"total":15,"covered":0,"skipped":0,"pct":0},"functions":{"total":5,"covered":0,"skipped":0,"pct":0},"statements":{"total":17,"covered":0,"skipped":0,"pct":0},"branches":{"total":2,"covered":0,"skipped":0,"pct":0}}
,"C:\\Users\\JackelineR\\OneDrive\\Escritorio\\proyecto\\Frontend-UnConnect\\app\\src\\services\\api.client.ts": {"lines":{"total":7,"covered":0,"skipped":0,"pct":0},"functions":{"total":3,"covered":0,"skipped":0,"pct":0},"statements":{"total":7,"covered":0,"skipped":0,"pct":0},"branches":{"total":0,"covered":0,"skipped":0,"pct":100}}
,"C:\\Users\\JackelineR\\OneDrive\\Escritorio\\proyecto\\Frontend-UnConnect\\app\\src\\services\\archivos.service.ts": {"lines":{"total":19,"covered":0,"skipped":0,"pct":0},"functions":{"total":5,"covered":0,"skipped":0,"pct":0},"statements":{"total":19,"covered":0,"skipped":0,"pct":0},"branches":{"total":7,"covered":0,"skipped":0,"pct":0}}
,"C:\\Users\\JackelineR\\OneDrive\\Escritorio\\proyecto\\Frontend-UnConnect\\app\\src\\services\\auth.service.ts": {"lines":{"total":25,"covered":0,"skipped":0,"pct":0},"functions":{"total":6,"covered":0,"skipped":0,"pct":0},"statements":{"total":26,"covered":0,"skipped":0,"pct":0},"branches":{"total":8,"covered":0,"skipped":0,"pct":0}}
,"C:\\Users\\JackelineR\\OneDrive\\Escritorio\\proyecto\\Frontend-UnConnect\\app\\src\\services\\contacto-events.service.ts": {"lines":{"total":14,"covered":14,"skipped":0,"pct":100},"functions":{"total":8,"covered":8,"skipped":0,"pct":100},"statements":{"total":16,"covered":16,"skipped":0,"pct":100},"branches":{"total":0,"covered":0,"skipped":0,"pct":100}}
,"C:\\Users\\JackelineR\\OneDrive\\Escritorio\\proyecto\\Frontend-UnConnect\\app\\src\\services\\eventos.service.ts": {"lines":{"total":9,"covered":0,"skipped":0,"pct":0},"functions":{"total":5,"covered":0,"skipped":0,"pct":0},"statements":{"total":9,"covered":0,"skipped":0,"pct":0},"branches":{"total":2,"covered":0,"skipped":0,"pct":0}}
,"C:\\Users\\JackelineR\\OneDrive\\Escritorio\\proyecto\\Frontend-UnConnect\\app\\src\\services\\grupos.service.ts": {"lines":{"total":25,"covered":0,"skipped":0,"pct":0},"functions":{"total":16,"covered":0,"skipped":0,"pct":0},"statements":{"total":25,"covered":0,"skipped":0,"pct":0},"branches":{"total":10,"covered":0,"skipped":0,"pct":0}}
,"C:\\Users\\JackelineR\\OneDrive\\Escritorio\\proyecto\\Frontend-UnConnect\\app\\src\\services\\index.ts": {"lines":{"total":11,"covered":0,"skipped":0,"pct":0},"functions":{"total":11,"covered":0,"skipped":0,"pct":0},"statements":{"total":22,"covered":0,"skipped":0,"pct":0},"branches":{"total":0,"covered":0,"skipped":0,"pct":100}}
,"C:\\Users\\JackelineR\\OneDrive\\Escritorio\\proyecto\\Frontend-UnConnect\\app\\src\\services\\materias.service.ts": {"lines":{"total":14,"covered":0,"skipped":0,"pct":0},"functions":{"total":4,"covered":0,"skipped":0,"pct":0},"statements":{"total":14,"covered":0,"skipped":0,"pct":0},"branches":{"total":5,"covered":0,"skipped":0,"pct":0}}
,"C:\\Users\\JackelineR\\OneDrive\\Escritorio\\proyecto\\Frontend-UnConnect\\app\\src\\services\\mensajes.service.ts": {"lines":{"total":34,"covered":0,"skipped":0,"pct":0},"functions":{"total":7,"covered":0,"skipped":0,"pct":0},"statements":{"total":47,"covered":0,"skipped":0,"pct":0},"branches":{"total":8,"covered":0,"skipped":0,"pct":0}}
,"C:\\Users\\JackelineR\\OneDrive\\Escritorio\\proyecto\\Frontend-UnConnect\\app\\src\\services\\notificaciones-badge.service.ts": {"lines":{"total":34,"covered":0,"skipped":0,"pct":0},"functions":{"total":9,"covered":0,"skipped":0,"pct":0},"statements":{"total":35,"covered":0,"skipped":0,"pct":0},"branches":{"total":9,"covered":0,"skipped":0,"pct":0}}
,"C:\\Users\\JackelineR\\OneDrive\\Escritorio\\proyecto\\Frontend-UnConnect\\app\\src\\services\\notificaciones-chat.service.ts": {"lines":{"total":131,"covered":0,"skipped":0,"pct":0},"functions":{"total":31,"covered":0,"skipped":0,"pct":0},"statements":{"total":135,"covered":0,"skipped":0,"pct":0},"branches":{"total":97,"covered":0,"skipped":0,"pct":0}}
,"C:\\Users\\JackelineR\\OneDrive\\Escritorio\\proyecto\\Frontend-UnConnect\\app\\src\\services\\notificaciones-grupo.service.ts": {"lines":{"total":44,"covered":0,"skipped":0,"pct":0},"functions":{"total":14,"covered":0,"skipped":0,"pct":0},"statements":{"total":47,"covered":0,"skipped":0,"pct":0},"branches":{"total":6,"covered":0,"skipped":0,"pct":0}}
,"C:\\Users\\JackelineR\\OneDrive\\Escritorio\\proyecto\\Frontend-UnConnect\\app\\src\\services\\notificaciones-rechazos.service.ts": {"lines":{"total":61,"covered":0,"skipped":0,"pct":0},"functions":{"total":16,"covered":0,"skipped":0,"pct":0},"statements":{"total":62,"covered":0,"skipped":0,"pct":0},"branches":{"total":43,"covered":0,"skipped":0,"pct":0}}
,"C:\\Users\\JackelineR\\OneDrive\\Escritorio\\proyecto\\Frontend-UnConnect\\app\\src\\services\\notificaciones-solicitudes.service.ts": {"lines":{"total":59,"covered":0,"skipped":0,"pct":0},"functions":{"total":16,"covered":0,"skipped":0,"pct":0},"statements":{"total":61,"covered":0,"skipped":0,"pct":0},"branches":{"total":33,"covered":0,"skipped":0,"pct":0}}
,"C:\\Users\\JackelineR\\OneDrive\\Escritorio\\proyecto\\Frontend-UnConnect\\app\\src\\services\\notificaciones.service.ts": {"lines":{"total":76,"covered":0,"skipped":0,"pct":0},"functions":{"total":13,"covered":0,"skipped":0,"pct":0},"statements":{"total":77,"covered":0,"skipped":0,"pct":0},"branches":{"total":17,"covered":0,"skipped":0,"pct":0}}
,"C:\\Users\\JackelineR\\OneDrive\\Escritorio\\proyecto\\Frontend-UnConnect\\app\\src\\services\\onboarding.service.ts": {"lines":{"total":8,"covered":0,"skipped":0,"pct":0},"functions":{"total":4,"covered":0,"skipped":0,"pct":0},"statements":{"total":8,"covered":0,"skipped":0,"pct":0},"branches":{"total":0,"covered":0,"skipped":0,"pct":100}}
,"C:\\Users\\JackelineR\\OneDrive\\Escritorio\\proyecto\\Frontend-UnConnect\\app\\src\\services\\recursos.service.ts": {"lines":{"total":7,"covered":0,"skipped":0,"pct":0},"functions":{"total":3,"covered":0,"skipped":0,"pct":0},"statements":{"total":7,"covered":0,"skipped":0,"pct":0},"branches":{"total":2,"covered":0,"skipped":0,"pct":0}}
,"C:\\Users\\JackelineR\\OneDrive\\Escritorio\\proyecto\\Frontend-UnConnect\\app\\src\\services\\sesion.service.ts": {"lines":{"total":9,"covered":0,"skipped":0,"pct":0},"functions":{"total":4,"covered":0,"skipped":0,"pct":0},"statements":{"total":9,"covered":0,"skipped":0,"pct":0},"branches":{"total":0,"covered":0,"skipped":0,"pct":100}}
,"C:\\Users\\JackelineR\\OneDrive\\Escritorio\\proyecto\\Frontend-UnConnect\\app\\src\\services\\usuarios.service.ts": {"lines":{"total":33,"covered":0,"skipped":0,"pct":0},"functions":{"total":15,"covered":0,"skipped":0,"pct":0},"statements":{"total":34,"covered":0,"skipped":0,"pct":0},"branches":{"total":31,"covered":0,"skipped":0,"pct":0}}
,"C:\\Users\\JackelineR\\OneDrive\\Escritorio\\proyecto\\Frontend-UnConnect\\app\\src\\styles\\CompletarRegistroScreen.styles.ts": {"lines":{"total":6,"covered":0,"skipped":0,"pct":0},"functions":{"total":1,"covered":0,"skipped":0,"pct":0},"statements":{"total":7,"covered":0,"skipped":0,"pct":0},"branches":{"total":0,"covered":0,"skipped":0,"pct":100}}
,"C:\\Users\\JackelineR\\OneDrive\\Escritorio\\proyecto\\Frontend-UnConnect\\app\\src\\styles\\ContactScreen.styles.ts": {"lines":{"total":2,"covered":0,"skipped":0,"pct":0},"functions":{"total":0,"covered":0,"skipped":0,"pct":100},"statements":{"total":2,"covered":0,"skipped":0,"pct":0},"branches":{"total":0,"covered":0,"skipped":0,"pct":100}}
,"C:\\Users\\JackelineR\\OneDrive\\Escritorio\\proyecto\\Frontend-UnConnect\\app\\src\\styles\\DetalleGrupoScreen.styles.ts": {"lines":{"total":3,"covered":0,"skipped":0,"pct":0},"functions":{"total":0,"covered":0,"skipped":0,"pct":100},"statements":{"total":3,"covered":0,"skipped":0,"pct":0},"branches":{"total":0,"covered":0,"skipped":0,"pct":100}}
,"C:\\Users\\JackelineR\\OneDrive\\Escritorio\\proyecto\\Frontend-UnConnect\\app\\src\\styles\\EventosScreen.styles.ts": {"lines":{"total":3,"covered":0,"skipped":0,"pct":0},"functions":{"total":0,"covered":0,"skipped":0,"pct":100},"statements":{"total":3,"covered":0,"skipped":0,"pct":0},"branches":{"total":0,"covered":0,"skipped":0,"pct":100}}
,"C:\\Users\\JackelineR\\OneDrive\\Escritorio\\proyecto\\Frontend-UnConnect\\app\\src\\styles\\GruposScreen.styles.ts": {"lines":{"total":3,"covered":0,"skipped":0,"pct":0},"functions":{"total":0,"covered":0,"skipped":0,"pct":100},"statements":{"total":3,"covered":0,"skipped":0,"pct":0},"branches":{"total":0,"covered":0,"skipped":0,"pct":100}}
,"C:\\Users\\JackelineR\\OneDrive\\Escritorio\\proyecto\\Frontend-UnConnect\\app\\src\\styles\\HomeScreen.styles.ts": {"lines":{"total":6,"covered":0,"skipped":0,"pct":0},"functions":{"total":1,"covered":0,"skipped":0,"pct":0},"statements":{"total":7,"covered":0,"skipped":0,"pct":0},"branches":{"total":14,"covered":0,"skipped":0,"pct":0}}
,"C:\\Users\\JackelineR\\OneDrive\\Escritorio\\proyecto\\Frontend-UnConnect\\app\\src\\styles\\LoginScreen.styles.ts": {"lines":{"total":6,"covered":0,"skipped":0,"pct":0},"functions":{"total":1,"covered":0,"skipped":0,"pct":0},"statements":{"total":7,"covered":0,"skipped":0,"pct":0},"branches":{"total":0,"covered":0,"skipped":0,"pct":100}}
,"C:\\Users\\JackelineR\\OneDrive\\Escritorio\\proyecto\\Frontend-UnConnect\\app\\src\\styles\\MensajeDirectoScreen.Styles.ts": {"lines":{"total":2,"covered":0,"skipped":0,"pct":0},"functions":{"total":0,"covered":0,"skipped":0,"pct":100},"statements":{"total":2,"covered":0,"skipped":0,"pct":0},"branches":{"total":2,"covered":0,"skipped":0,"pct":0}}
,"C:\\Users\\JackelineR\\OneDrive\\Escritorio\\proyecto\\Frontend-UnConnect\\app\\src\\styles\\MiembrosGrupoModal.styles.ts": {"lines":{"total":2,"covered":0,"skipped":0,"pct":0},"functions":{"total":0,"covered":0,"skipped":0,"pct":100},"statements":{"total":2,"covered":0,"skipped":0,"pct":0},"branches":{"total":0,"covered":0,"skipped":0,"pct":100}}
,"C:\\Users\\JackelineR\\OneDrive\\Escritorio\\proyecto\\Frontend-UnConnect\\app\\src\\styles\\NotificacionesScreen.styles.ts": {"lines":{"total":2,"covered":0,"skipped":0,"pct":0},"functions":{"total":0,"covered":0,"skipped":0,"pct":100},"statements":{"total":2,"covered":0,"skipped":0,"pct":0},"branches":{"total":0,"covered":0,"skipped":0,"pct":100}}
,"C:\\Users\\JackelineR\\OneDrive\\Escritorio\\proyecto\\Frontend-UnConnect\\app\\src\\styles\\PrincipalScreenStyles.ts": {"lines":{"total":3,"covered":0,"skipped":0,"pct":0},"functions":{"total":0,"covered":0,"skipped":0,"pct":100},"statements":{"total":3,"covered":0,"skipped":0,"pct":0},"branches":{"total":34,"covered":0,"skipped":0,"pct":0}}
,"C:\\Users\\JackelineR\\OneDrive\\Escritorio\\proyecto\\Frontend-UnConnect\\app\\src\\styles\\RegistroScreen.styles.ts": {"lines":{"total":6,"covered":0,"skipped":0,"pct":0},"functions":{"total":1,"covered":0,"skipped":0,"pct":0},"statements":{"total":7,"covered":0,"skipped":0,"pct":0},"branches":{"total":2,"covered":0,"skipped":0,"pct":0}}
,"C:\\Users\\JackelineR\\OneDrive\\Escritorio\\proyecto\\Frontend-UnConnect\\app\\src\\styles\\SolicitudesGrupoScreen.styles.ts": {"lines":{"total":2,"covered":0,"skipped":0,"pct":0},"functions":{"total":0,"covered":0,"skipped":0,"pct":100},"statements":{"total":2,"covered":0,"skipped":0,"pct":0},"branches":{"total":0,"covered":0,"skipped":0,"pct":100}}
,"C:\\Users\\JackelineR\\OneDrive\\Escritorio\\proyecto\\Frontend-UnConnect\\app\\src\\styles\\SolicitudesScreen.styles.ts": {"lines":{"total":2,"covered":0,"skipped":0,"pct":0},"functions":{"total":0,"covered":0,"skipped":0,"pct":100},"statements":{"total":2,"covered":0,"skipped":0,"pct":0},"branches":{"total":0,"covered":0,"skipped":0,"pct":100}}
,"C:\\Users\\JackelineR\\OneDrive\\Escritorio\\proyecto\\Frontend-UnConnect\\app\\src\\styles\\global.ts": {"lines":{"total":5,"covered":0,"skipped":0,"pct":0},"functions":{"total":0,"covered":0,"skipped":0,"pct":100},"statements":{"total":5,"covered":0,"skipped":0,"pct":0},"branches":{"total":0,"covered":0,"skipped":0,"pct":100}}
,"C:\\Users\\JackelineR\\OneDrive\\Escritorio\\proyecto\\Frontend-UnConnect\\app\\src\\styles\\theme.ts": {"lines":{"total":1,"covered":0,"skipped":0,"pct":0},"functions":{"total":5,"covered":0,"skipped":0,"pct":0},"statements":{"total":6,"covered":0,"skipped":0,"pct":0},"branches":{"total":0,"covered":0,"skipped":0,"pct":100}}
,"C:\\Users\\JackelineR\\OneDrive\\Escritorio\\proyecto\\Frontend-UnConnect\\app\\src\\types\\notificacion.types.ts": {"lines":{"total":4,"covered":0,"skipped":0,"pct":0},"functions":{"total":2,"covered":0,"skipped":0,"pct":0},"statements":{"total":4,"covered":0,"skipped":0,"pct":0},"branches":{"total":0,"covered":0,"skipped":0,"pct":100}}
,"C:\\Users\\JackelineR\\OneDrive\\Escritorio\\proyecto\\Frontend-UnConnect\\app\\src\\utils\\apiConfig.ts": {"lines":{"total":44,"covered":0,"skipped":0,"pct":0},"functions":{"total":5,"covered":0,"skipped":0,"pct":0},"statements":{"total":53,"covered":0,"skipped":0,"pct":0},"branches":{"total":39,"covered":0,"skipped":0,"pct":0}}
,"C:\\Users\\JackelineR\\OneDrive\\Escritorio\\proyecto\\Frontend-UnConnect\\app\\src\\utils\\toast.ts": {"lines":{"total":5,"covered":0,"skipped":0,"pct":0},"functions":{"total":3,"covered":0,"skipped":0,"pct":0},"statements":{"total":5,"covered":0,"skipped":0,"pct":0},"branches":{"total":0,"covered":0,"skipped":0,"pct":100}}
}
