TN:
SF:src\hooks\useChatDirecto.ts
FN:19,(anonymous_1)
FN:32,(anonymous_2)
FN:34,(anonymous_3)
FN:40,(anonymous_4)
FN:43,(anonymous_5)
FN:55,(anonymous_6)
FN:56,(anonymous_7)
FN:57,(anonymous_8)
FN:60,(anonymous_9)
FN:69,(anonymous_10)
FN:70,(anonymous_11)
FN:71,(anonymous_12)
FN:74,(anonymous_13)
FN:107,(anonymous_14)
FN:113,(anonymous_15)
FN:114,(anonymous_16)
FN:120,(anonymous_17)
FN:131,(anonymous_18)
FN:135,(anonymous_19)
FN:139,(anonymous_20)
FN:150,(anonymous_21)
FN:159,(anonymous_22)
FN:169,(anonymous_23)
FN:170,(anonymous_24)
FN:178,(anonymous_25)
FN:191,(anonymous_26)
FN:193,(anonymous_27)
FN:195,(anonymous_28)
FNF:28
FNH:0
FNDA:0,(anonymous_1)
FNDA:0,(anonymous_2)
FNDA:0,(anonymous_3)
FNDA:0,(anonymous_4)
FNDA:0,(anonymous_5)
FNDA:0,(anonymous_6)
FNDA:0,(anonymous_7)
FNDA:0,(anonymous_8)
FNDA:0,(anonymous_9)
FNDA:0,(anonymous_10)
FNDA:0,(anonymous_11)
FNDA:0,(anonymous_12)
FNDA:0,(anonymous_13)
FNDA:0,(anonymous_14)
FNDA:0,(anonymous_15)
FNDA:0,(anonymous_16)
FNDA:0,(anonymous_17)
FNDA:0,(anonymous_18)
FNDA:0,(anonymous_19)
FNDA:0,(anonymous_20)
FNDA:0,(anonymous_21)
FNDA:0,(anonymous_22)
FNDA:0,(anonymous_23)
FNDA:0,(anonymous_24)
FNDA:0,(anonymous_25)
FNDA:0,(anonymous_26)
FNDA:0,(anonymous_27)
FNDA:0,(anonymous_28)
DA:1,0
DA:2,0
DA:3,0
DA:4,0
DA:6,0
DA:7,0
DA:8,0
DA:12,0
DA:19,0
DA:23,0
DA:24,0
DA:25,0
DA:26,0
DA:27,0
DA:29,0
DA:30,0
DA:32,0
DA:33,0
DA:34,0
DA:35,0
DA:40,0
DA:41,0
DA:43,0
DA:44,0
DA:45,0
DA:46,0
DA:47,0
DA:50,0
DA:53,0
DA:55,0
DA:56,0
DA:57,0
DA:58,0
DA:59,0
DA:60,0
DA:61,0
DA:62,0
DA:64,0
DA:69,0
DA:70,0
DA:71,0
DA:72,0
DA:73,0
DA:74,0
DA:76,0
DA:78,0
DA:83,0
DA:84,0
DA:93,0
DA:94,0
DA:95,0
DA:99,0
DA:100,0
DA:101,0
DA:102,0
DA:103,0
DA:104,0
DA:105,0
DA:107,0
DA:109,0
DA:112,0
DA:113,0
DA:114,0
DA:115,0
DA:117,0
DA:119,0
DA:120,0
DA:126,0
DA:127,0
DA:128,0
DA:129,0
DA:131,0
DA:132,0
DA:135,0
DA:136,0
DA:139,0
DA:140,0
DA:144,0
DA:148,0
DA:150,0
DA:151,0
DA:152,0
DA:153,0
DA:154,0
DA:159,0
DA:160,0
DA:162,0
DA:163,0
DA:165,0
DA:166,0
DA:168,0
DA:169,0
DA:170,0
DA:171,0
DA:173,0
DA:176,0
DA:177,0
DA:178,0
DA:182,0
DA:185,0
DA:187,0
DA:191,0
DA:192,0
DA:193,0
DA:194,0
DA:195,0
DA:197,0
DA:199,0
DA:200,0
DA:202,0
DA:205,0
DA:209,0
LF:112
LH:0
BRDA:25,0,0,0
BRDA:25,0,1,0
BRDA:33,1,0,0
BRDA:35,2,0,0
BRDA:41,3,0,0
BRDA:46,4,0,0
BRDA:46,5,0,0
BRDA:46,5,1,0
BRDA:53,6,0,0
BRDA:53,6,1,0
BRDA:58,7,0,0
BRDA:59,8,0,0
BRDA:59,8,1,0
BRDA:60,9,0,0
BRDA:60,9,1,0
BRDA:61,10,0,0
BRDA:72,11,0,0
BRDA:73,12,0,0
BRDA:73,12,1,0
BRDA:74,13,0,0
BRDA:74,13,1,0
BRDA:83,14,0,0
BRDA:83,14,1,0
BRDA:94,15,0,0
BRDA:109,16,0,0
BRDA:109,16,1,0
BRDA:109,16,2,0
BRDA:109,16,3,0
BRDA:112,17,0,0
BRDA:115,18,0,0
BRDA:144,19,0,0
BRDA:144,19,1,0
BRDA:151,20,0,0
BRDA:160,21,0,0
BRDA:168,22,0,0
BRDA:168,22,1,0
BRDA:168,23,0,0
BRDA:168,23,1,0
BRDA:171,24,0,0
BRDA:182,25,0,0
BRDA:182,25,1,0
BRDA:185,26,0,0
BRDA:185,26,1,0
BRDA:194,27,0,0
BRDA:195,28,0,0
BRDA:195,28,1,0
BRDA:199,29,0,0
BRDA:199,29,1,0
BRF:48
BRH:0
end_of_record
TN:
SF:src\hooks\useGrupoArchivos.ts
FN:20,useGrupoArchivos
FN:26,(anonymous_10)
FN:38,(anonymous_11)
FN:82,(anonymous_12)
FN:101,(anonymous_13)
FNF:5
FNH:0
FNDA:0,useGrupoArchivos
FNDA:0,(anonymous_10)
FNDA:0,(anonymous_11)
FNDA:0,(anonymous_12)
FNDA:0,(anonymous_13)
DA:1,0
DA:2,0
DA:3,0
DA:4,0
DA:5,0
DA:6,0
DA:7,0
DA:20,0
DA:21,0
DA:22,0
DA:23,0
DA:24,0
DA:26,0
DA:27,0
DA:28,0
DA:29,0
DA:30,0
DA:32,0
DA:34,0
DA:38,0
DA:39,0
DA:40,0
DA:45,0
DA:46,0
DA:48,0
DA:50,0
DA:51,0
DA:52,0
DA:55,0
DA:58,0
DA:71,0
DA:73,0
DA:74,0
DA:76,0
DA:78,0
DA:82,0
DA:83,0
DA:84,0
DA:85,0
DA:86,0
DA:88,0
DA:89,0
DA:90,0
DA:91,0
DA:93,0
DA:94,0
DA:95,0
DA:96,0
DA:97,0
DA:98,0
DA:99,0
DA:100,0
DA:101,0
DA:102,0
DA:105,0
DA:106,0
DA:107,0
DA:109,0
DA:110,0
DA:112,0
DA:115,0
DA:116,0
DA:118,0
DA:122,0
LF:64
LH:0
BRDA:45,0,0,0
BRDA:45,1,0,0
BRDA:45,1,1,0
BRDA:45,1,2,0
BRDA:50,2,0,0
BRDA:50,3,0,0
BRDA:50,3,1,0
BRDA:58,4,0,0
BRDA:58,4,1,0
BRDA:58,5,0,0
BRDA:58,5,1,0
BRDA:62,6,0,0
BRDA:62,6,1,0
BRDA:68,7,0,0
BRDA:68,7,1,0
BRDA:76,8,0,0
BRDA:76,8,1,0
BRDA:86,9,0,0
BRDA:86,9,1,0
BRDA:88,10,0,0
BRDA:90,11,0,0
BRDA:109,12,0,0
BRDA:109,12,1,0
BRF:23
BRH:0
end_of_record
TN:
SF:src\hooks\useGrupos.ts
FN:33,useGrupos
FN:45,(anonymous_1)
FN:51,(anonymous_2)
FN:61,(anonymous_3)
FN:89,(anonymous_4)
FN:107,(anonymous_5)
FN:109,(anonymous_6)
FN:119,(anonymous_7)
FNF:8
FNH:0
FNDA:0,useGrupos
FNDA:0,(anonymous_1)
FNDA:0,(anonymous_2)
FNDA:0,(anonymous_3)
FNDA:0,(anonymous_4)
FNDA:0,(anonymous_5)
FNDA:0,(anonymous_6)
FNDA:0,(anonymous_7)
DA:1,0
DA:2,0
DA:8,0
DA:33,0
DA:34,0
DA:35,0
DA:38,0
DA:39,0
DA:40,0
DA:41,0
DA:45,0
DA:46,0
DA:47,0
DA:48,0
DA:50,0
DA:51,0
DA:52,0
DA:54,0
DA:56,0
DA:61,0
DA:62,0
DA:63,0
DA:66,0
DA:72,0
DA:73,0
DA:75,0
DA:77,0
DA:78,0
DA:79,0
DA:80,0
DA:82,0
DA:84,0
DA:88,0
DA:90,0
DA:91,0
DA:92,0
DA:93,0
DA:94,0
DA:95,0
DA:97,0
DA:98,0
DA:99,0
DA:101,0
DA:107,0
DA:108,0
DA:109,0
DA:110,0
DA:111,0
DA:112,0
DA:113,0
DA:114,0
DA:115,0
DA:118,0
DA:119,0
DA:120,0
DA:124,0
LF:56
LH:0
BRDA:50,0,0,0
BRDA:50,0,1,0
BRDA:77,1,0,0
BRDA:82,2,0,0
BRDA:82,2,1,0
BRDA:97,3,0,0
BRDA:97,3,1,0
BRDA:111,4,0,0
BRDA:111,4,1,0
BRDA:111,5,0,0
BRDA:111,5,1,0
BRDA:113,6,0,0
BRF:12
BRH:0
end_of_record
TN:
SF:src\hooks\useIsDesktop.ts
FN:3,useIsDesktop
FNF:1
FNH:0
FNDA:0,useIsDesktop
DA:1,0
DA:3,0
DA:4,0
DA:5,0
LF:4
LH:0
BRF:0
BRH:0
end_of_record
TN:
SF:src\hooks\useMiembrosGrupo.ts
FN:5,useMiembrosGrupo
FN:19,(anonymous_1)
FN:20,(anonymous_2)
FN:33,(anonymous_3)
FN:39,(anonymous_4)
FN:50,(anonymous_5)
FN:58,(anonymous_6)
FNF:7
FNH:0
FNDA:0,useMiembrosGrupo
FNDA:0,(anonymous_1)
FNDA:0,(anonymous_2)
FNDA:0,(anonymous_3)
FNDA:0,(anonymous_4)
FNDA:0,(anonymous_5)
FNDA:0,(anonymous_6)
DA:1,0
DA:2,0
DA:3,0
DA:5,0
DA:11,0
DA:12,0
DA:13,0
DA:14,0
DA:15,0
DA:19,0
DA:20,0
DA:21,0
DA:22,0
DA:23,0
DA:24,0
DA:27,0
DA:30,0
DA:33,0
DA:34,0
DA:35,0
DA:37,0
DA:38,0
DA:39,0
DA:41,0
DA:43,0
DA:44,0
DA:46,0
DA:50,0
DA:54,0
DA:55,0
DA:56,0
DA:57,0
DA:58,0
DA:59,0
DA:62,0
DA:63,0
DA:65,0
DA:69,0
LF:38
LH:0
BRDA:16,0,0,0
BRDA:16,0,1,0
BRDA:23,1,0,0
BRDA:62,2,0,0
BRDA:62,2,1,0
BRF:5
BRH:0
end_of_record
TN:
SF:src\hooks\useMiembrosGrupoChat.ts
FN:14,useMiembrosGrupoChat
FN:19,(anonymous_1)
FNF:2
FNH:0
FNDA:0,useMiembrosGrupoChat
FNDA:0,(anonymous_1)
DA:1,0
DA:2,0
DA:3,0
DA:14,0
DA:15,0
DA:16,0
DA:17,0
DA:19,0
DA:20,0
DA:21,0
DA:22,0
DA:23,0
DA:24,0
DA:26,0
DA:27,0
DA:28,0
DA:30,0
DA:34,0
LF:18
LH:0
BRDA:26,0,0,0
BRDA:26,0,1,0
BRF:2
BRH:0
end_of_record
TN:
SF:src\hooks\usePerfil.ts
FN:26,(anonymous_0)
FN:38,(anonymous_1)
FN:57,(anonymous_2)
FN:85,(anonymous_3)
FNF:4
FNH:0
FNDA:0,(anonymous_0)
FNDA:0,(anonymous_1)
FNDA:0,(anonymous_2)
FNDA:0,(anonymous_3)
DA:1,0
DA:2,0
DA:26,0
DA:27,0
DA:28,0
DA:29,0
DA:30,0
DA:31,0
DA:32,0
DA:33,0
DA:38,0
DA:39,0
DA:40,0
DA:41,0
DA:42,0
DA:43,0
DA:46,0
DA:47,0
DA:48,0
DA:50,0
DA:57,0
DA:59,0
DA:60,0
DA:61,0
DA:64,0
DA:65,0
DA:66,0
DA:67,0
DA:70,0
DA:71,0
DA:74,0
DA:75,0
DA:76,0
DA:78,0
DA:85,0
DA:86,0
DA:89,0
LF:37
LH:0
BRDA:46,0,0,0
BRDA:46,0,1,0
BRDA:59,1,0,0
BRDA:74,2,0,0
BRDA:74,2,1,0
BRF:5
BRH:0
end_of_record
TN:
SF:src\hooks\useUnreadNotifications.ts
FN:8,useUnreadNotifications
FN:12,(anonymous_1)
FN:15,(anonymous_2)
FN:19,(anonymous_3)
FN:23,(anonymous_4)
FNF:5
FNH:0
FNDA:0,useUnreadNotifications
FNDA:0,(anonymous_1)
FNDA:0,(anonymous_2)
FNDA:0,(anonymous_3)
FNDA:0,(anonymous_4)
DA:1,0
DA:2,0
DA:3,0
DA:8,0
DA:9,0
DA:11,0
DA:13,0
DA:15,0
DA:16,0
DA:19,0
DA:20,0
DA:23,0
DA:24,0
DA:25,0
DA:30,0
LF:15
LH:0
BRDA:16,0,0,0
BRDA:20,1,0,0
BRF:2
BRH:0
end_of_record
TN:
SF:src\services\api.client.ts
FN:8,(anonymous_1)
FN:9,(anonymous_2)
FN:10,(anonymous_3)
FNF:3
FNH:0
FNDA:0,(anonymous_1)
FNDA:0,(anonymous_2)
FNDA:0,(anonymous_3)
DA:1,0
DA:2,0
DA:3,0
DA:5,0
DA:8,0
DA:9,0
DA:10,0
LF:7
LH:0
BRF:0
BRH:0
end_of_record
TN:
SF:src\services\archivos.service.ts
FN:11,(anonymous_0)
FN:21,(anonymous_1)
FN:52,(anonymous_2)
FN:64,(anonymous_3)
FN:71,(anonymous_4)
FNF:5
FNH:0
FNDA:0,(anonymous_0)
FNDA:0,(anonymous_1)
FNDA:0,(anonymous_2)
FNDA:0,(anonymous_3)
FNDA:0,(anonymous_4)
DA:1,0
DA:12,0
DA:15,0
DA:25,0
DA:26,0
DA:32,0
DA:33,0
DA:35,0
DA:43,0
DA:45,0
DA:46,0
DA:49,0
DA:53,0
DA:54,0
DA:55,0
DA:65,0
DA:72,0
DA:73,0
DA:77,0
LF:19
LH:0
BRDA:15,0,0,0
BRDA:15,0,1,0
BRDA:45,1,0,0
BRDA:46,2,0,0
BRDA:46,2,1,0
BRDA:57,3,0,0
BRDA:57,3,1,0
BRF:7
BRH:0
end_of_record
TN:
SF:src\services\auth.service.ts
FN:26,(anonymous_0)
FN:45,(anonymous_1)
FN:65,(anonymous_2)
FN:81,(anonymous_3)
FN:89,(anonymous_4)
FN:96,(anonymous_5)
FNF:6
FNH:0
FNDA:0,(anonymous_0)
FNDA:0,(anonymous_1)
FNDA:0,(anonymous_2)
FNDA:0,(anonymous_3)
FNDA:0,(anonymous_4)
FNDA:0,(anonymous_5)
DA:1,0
DA:9,0
DA:27,0
DA:35,0
DA:36,0
DA:39,0
DA:46,0
DA:56,0
DA:57,0
DA:60,0
DA:66,0
DA:68,0
DA:71,0
DA:74,0
DA:82,0
DA:83,0
DA:90,0
DA:97,0
DA:98,0
DA:99,0
DA:101,0
DA:102,0
DA:106,0
DA:107,0
DA:112,0
LF:25
LH:0
BRDA:35,0,0,0
BRDA:56,1,0,0
BRDA:99,2,0,0
BRDA:103,3,0,0
BRDA:103,3,1,0
BRDA:103,3,2,0
BRDA:103,3,3,0
BRDA:103,3,4,0
BRF:8
BRH:0
end_of_record
TN:
SF:src\services\contacto-events.service.ts
FN:24,publishContactRequestRejected
FN:25,(anonymous_1)
FN:28,subscribeContactRequestRejected
FN:33,(anonymous_3)
FN:38,publishContactRequestRejectionSeen
FN:41,(anonymous_5)
FN:44,subscribeContactRequestRejectionSeen
FN:49,(anonymous_7)
FNF:8
FNH:8
FNDA:20,publishContactRequestRejected
FNDA:19,(anonymous_1)
FNDA:19,subscribeContactRequestRejected
FNDA:19,(anonymous_3)
FNDA:1,publishContactRequestRejectionSeen
FNDA:1,(anonymous_5)
FNDA:1,subscribeContactRequestRejectionSeen
FNDA:1,(anonymous_7)
DA:21,1
DA:22,1
DA:24,1
DA:25,20
DA:28,1
DA:31,19
DA:33,19
DA:34,19
DA:38,1
DA:41,1
DA:44,1
DA:47,1
DA:49,1
DA:50,1
LF:14
LH:14
BRF:0
BRH:0
end_of_record
TN:
SF:src\services\eventos.service.ts
FN:19,(anonymous_0)
FN:27,(anonymous_1)
FN:35,(anonymous_2)
FN:42,(anonymous_3)
FN:52,(anonymous_4)
FNF:5
FNH:0
FNDA:0,(anonymous_0)
FNDA:0,(anonymous_1)
FNDA:0,(anonymous_2)
FNDA:0,(anonymous_3)
FNDA:0,(anonymous_4)
DA:1,0
DA:20,0
DA:21,0
DA:28,0
DA:29,0
DA:36,0
DA:46,0
DA:53,0
DA:57,0
LF:9
LH:0
BRDA:21,0,0,0
BRDA:21,0,1,0
BRF:2
BRH:0
end_of_record
TN:
SF:src\services\grupos.service.ts
FN:33,(anonymous_0)
FN:37,(anonymous_1)
FN:45,(anonymous_2)
FN:53,(anonymous_3)
FN:60,(anonymous_4)
FN:67,(anonymous_5)
FN:74,(anonymous_6)
FN:81,(anonymous_7)
FN:88,(anonymous_8)
FN:98,(anonymous_9)
FN:112,(anonymous_10)
FN:122,(anonymous_11)
FN:132,(anonymous_12)
FN:145,(anonymous_13)
FN:158,(anonymous_14)
FN:165,(anonymous_15)
FNF:16
FNH:0
FNDA:0,(anonymous_0)
FNDA:0,(anonymous_1)
FNDA:0,(anonymous_2)
FNDA:0,(anonymous_3)
FNDA:0,(anonymous_4)
FNDA:0,(anonymous_5)
FNDA:0,(anonymous_6)
FNDA:0,(anonymous_7)
FNDA:0,(anonymous_8)
FNDA:0,(anonymous_9)
FNDA:0,(anonymous_10)
FNDA:0,(anonymous_11)
FNDA:0,(anonymous_12)
FNDA:0,(anonymous_13)
FNDA:0,(anonymous_14)
FNDA:0,(anonymous_15)
DA:1,0
DA:34,0
DA:35,0
DA:38,0
DA:39,0
DA:46,0
DA:47,0
DA:54,0
DA:61,0
DA:68,0
DA:75,0
DA:82,0
DA:89,0
DA:93,0
DA:102,0
DA:113,0
DA:116,0
DA:123,0
DA:126,0
DA:136,0
DA:149,0
DA:159,0
DA:170,0
DA:172,0
DA:178,0
LF:25
LH:0
BRDA:35,0,0,0
BRDA:35,0,1,0
BRDA:39,1,0,0
BRDA:39,1,1,0
BRDA:93,2,0,0
BRDA:93,2,1,0
BRDA:116,3,0,0
BRDA:116,3,1,0
BRDA:126,4,0,0
BRDA:126,4,1,0
BRF:10
BRH:0
end_of_record
TN:
SF:src\services\index.ts
FN:5,(anonymous_1)
FN:6,(anonymous_2)
FN:7,(anonymous_3)
FN:8,(anonymous_4)
FN:9,(anonymous_5)
FN:10,(anonymous_6)
FN:11,(anonymous_7)
FN:12,(anonymous_8)
FN:13,(anonymous_9)
FN:14,(anonymous_10)
FN:15,(anonymous_11)
FNF:11
FNH:0
FNDA:0,(anonymous_1)
FNDA:0,(anonymous_2)
FNDA:0,(anonymous_3)
FNDA:0,(anonymous_4)
FNDA:0,(anonymous_5)
FNDA:0,(anonymous_6)
FNDA:0,(anonymous_7)
FNDA:0,(anonymous_8)
FNDA:0,(anonymous_9)
FNDA:0,(anonymous_10)
FNDA:0,(anonymous_11)
DA:5,0
DA:6,0
DA:7,0
DA:8,0
DA:9,0
DA:10,0
DA:11,0
DA:12,0
DA:13,0
DA:14,0
DA:15,0
LF:11
LH:0
BRF:0
BRH:0
end_of_record
TN:
SF:src\services\materias.service.ts
FN:11,(anonymous_0)
FN:30,(anonymous_1)
FN:37,(anonymous_2)
FN:46,(anonymous_3)
FNF:4
FNH:0
FNDA:0,(anonymous_0)
FNDA:0,(anonymous_1)
FNDA:0,(anonymous_2)
FNDA:0,(anonymous_3)
DA:1,0
DA:12,0
DA:15,0
DA:16,0
DA:17,0
DA:19,0
DA:20,0
DA:24,0
DA:31,0
DA:38,0
DA:39,0
DA:40,0
DA:47,0
DA:51,0
LF:14
LH:0
BRDA:15,0,0,0
BRDA:16,1,0,0
BRDA:19,2,0,0
BRDA:40,3,0,0
BRDA:40,3,1,0
BRF:5
BRH:0
end_of_record
TN:
SF:src\services\mensajes.service.ts
FN:6,(anonymous_1)
FN:8,(anonymous_2)
FN:18,(anonymous_3)
FN:39,(anonymous_4)
FN:49,(anonymous_5)
FN:69,(anonymous_6)
FN:84,(anonymous_7)
FNF:7
FNH:0
FNDA:0,(anonymous_1)
FNDA:0,(anonymous_2)
FNDA:0,(anonymous_3)
FNDA:0,(anonymous_4)
FNDA:0,(anonymous_5)
FNDA:0,(anonymous_6)
FNDA:0,(anonymous_7)
DA:1,0
DA:2,0
DA:4,0
DA:6,0
DA:8,0
DA:9,0
DA:10,0
DA:12,0
DA:15,0
DA:18,0
DA:22,0
DA:23,0
DA:25,0
DA:36,0
DA:39,0
DA:40,0
DA:41,0
DA:43,0
DA:46,0
DA:49,0
DA:53,0
DA:54,0
DA:56,0
DA:66,0
DA:69,0
DA:70,0
DA:71,0
DA:73,0
DA:81,0
DA:84,0
DA:85,0
DA:86,0
DA:88,0
DA:96,0
LF:34
LH:0
BRDA:10,0,0,0
BRDA:23,1,0,0
BRDA:41,2,0,0
BRDA:54,3,0,0
BRDA:69,4,0,0
BRDA:71,5,0,0
BRDA:84,6,0,0
BRDA:86,7,0,0
BRF:8
BRH:0
end_of_record
TN:
SF:src\services\notificaciones-badge.service.ts
FN:11,ensureLoaded
FN:27,persistAndNotify
FN:34,(anonymous_3)
FN:37,getUnreadNotificationsCount
FN:42,incrementUnreadNotificationsCount
FN:48,clearUnreadNotificationsCount
FN:54,subscribeUnreadNotificationsCount
FN:57,(anonymous_8)
FN:63,(anonymous_9)
FNF:9
FNH:0
FNDA:0,ensureLoaded
FNDA:0,persistAndNotify
FNDA:0,(anonymous_3)
FNDA:0,getUnreadNotificationsCount
FNDA:0,incrementUnreadNotificationsCount
FNDA:0,clearUnreadNotificationsCount
FNDA:0,subscribeUnreadNotificationsCount
FNDA:0,(anonymous_8)
FNDA:0,(anonymous_9)
DA:1,0
DA:3,0
DA:7,0
DA:8,0
DA:9,0
DA:12,0
DA:13,0
DA:16,0
DA:17,0
DA:18,0
DA:19,0
DA:21,0
DA:23,0
DA:28,0
DA:29,0
DA:34,0
DA:37,0
DA:38,0
DA:39,0
DA:42,0
DA:43,0
DA:44,0
DA:45,0
DA:48,0
DA:49,0
DA:50,0
DA:51,0
DA:54,0
DA:55,0
DA:57,0
DA:58,0
DA:59,0
DA:63,0
DA:64,0
LF:34
LH:0
BRDA:12,0,0,0
BRDA:18,1,0,0
BRDA:18,1,1,0
BRDA:19,2,0,0
BRDA:19,2,1,0
BRDA:19,3,0,0
BRDA:19,3,1,0
BRDA:42,4,0,0
BRDA:58,5,0,0
BRF:9
BRH:0
end_of_record
TN:
SF:src\services\notificaciones-chat.service.ts
FN:8,procesarNotificacionSocket
FN:66,sortByDateDesc
FN:68,(anonymous_3)
FN:72,sanitizeItems
FN:78,(anonymous_5)
FN:106,(anonymous_6)
FN:109,sanitizeGroupItems
FN:115,(anonymous_8)
FN:143,(anonymous_9)
FN:146,ensureLoaded
FN:161,ensureGroupsLoaded
FN:176,persistAndNotify
FN:187,(anonymous_13)
FN:190,persistGroupsAndNotify
FN:201,(anonymous_15)
FN:204,getUnreadDirectChatNotifications
FN:212,upsertUnreadDirectChatNotification
FN:232,(anonymous_18)
FN:258,clearUnreadDirectChatNotification
FN:268,(anonymous_20)
FN:272,subscribeUnreadDirectChatNotifications
FN:277,(anonymous_22)
FN:283,(anonymous_23)
FN:288,getUnreadGroupChatNotifications
FN:296,upsertUnreadGroupChatNotification
FN:316,(anonymous_26)
FN:343,clearUnreadGroupChatNotification
FN:353,(anonymous_28)
FN:357,subscribeUnreadGroupChatNotifications
FN:362,(anonymous_30)
FN:368,(anonymous_31)
FNF:31
FNH:0
FNDA:0,procesarNotificacionSocket
FNDA:0,sortByDateDesc
FNDA:0,(anonymous_3)
FNDA:0,sanitizeItems
FNDA:0,(anonymous_5)
FNDA:0,(anonymous_6)
FNDA:0,sanitizeGroupItems
FNDA:0,(anonymous_8)
FNDA:0,(anonymous_9)
FNDA:0,ensureLoaded
FNDA:0,ensureGroupsLoaded
FNDA:0,persistAndNotify
FNDA:0,(anonymous_13)
FNDA:0,persistGroupsAndNotify
FNDA:0,(anonymous_15)
FNDA:0,getUnreadDirectChatNotifications
FNDA:0,upsertUnreadDirectChatNotification
FNDA:0,(anonymous_18)
FNDA:0,clearUnreadDirectChatNotification
FNDA:0,(anonymous_20)
FNDA:0,subscribeUnreadDirectChatNotifications
FNDA:0,(anonymous_22)
FNDA:0,(anonymous_23)
FNDA:0,getUnreadGroupChatNotifications
FNDA:0,upsertUnreadGroupChatNotification
FNDA:0,(anonymous_26)
FNDA:0,clearUnreadGroupChatNotification
FNDA:0,(anonymous_28)
FNDA:0,subscribeUnreadGroupChatNotifications
FNDA:0,(anonymous_30)
FNDA:0,(anonymous_31)
DA:1,0
DA:2,0
DA:8,0
DA:9,0
DA:10,0
DA:13,0
DA:15,0
DA:20,0
DA:23,0
DA:29,0
DA:31,0
DA:32,0
DA:34,0
DA:37,0
DA:38,0
DA:59,0
DA:60,0
DA:61,0
DA:62,0
DA:63,0
DA:64,0
DA:67,0
DA:68,0
DA:73,0
DA:74,0
DA:77,0
DA:79,0
DA:80,0
DA:83,0
DA:84,0
DA:85,0
DA:88,0
DA:106,0
DA:110,0
DA:111,0
DA:114,0
DA:116,0
DA:117,0
DA:120,0
DA:121,0
DA:122,0
DA:125,0
DA:143,0
DA:147,0
DA:148,0
DA:151,0
DA:152,0
DA:153,0
DA:155,0
DA:157,0
DA:162,0
DA:163,0
DA:166,0
DA:167,0
DA:168,0
DA:170,0
DA:172,0
DA:177,0
DA:178,0
DA:186,0
DA:187,0
DA:191,0
DA:192,0
DA:200,0
DA:201,0
DA:204,0
DA:207,0
DA:208,0
DA:209,0
DA:212,0
DA:217,0
DA:219,0
DA:220,0
DA:221,0
DA:225,0
DA:229,0
DA:231,0
DA:232,0
DA:235,0
DA:236,0
DA:237,0
DA:245,0
DA:254,0
DA:255,0
DA:258,0
DA:261,0
DA:263,0
DA:264,0
DA:265,0
DA:268,0
DA:269,0
DA:272,0
DA:275,0
DA:277,0
DA:278,0
DA:279,0
DA:283,0
DA:284,0
DA:288,0
DA:291,0
DA:292,0
DA:293,0
DA:296,0
DA:301,0
DA:303,0
DA:304,0
DA:305,0
DA:309,0
DA:313,0
DA:315,0
DA:316,0
DA:319,0
DA:320,0
DA:321,0
DA:330,0
DA:339,0
DA:340,0
DA:343,0
DA:346,0
DA:348,0
DA:349,0
DA:350,0
DA:353,0
DA:354,0
DA:357,0
DA:360,0
DA:362,0
DA:363,0
DA:364,0
DA:368,0
DA:369,0
LF:131
LH:0
BRDA:9,0,0,0
BRDA:9,1,0,0
BRDA:9,1,1,0
BRDA:15,2,0,0
BRDA:16,3,0,0
BRDA:16,3,1,0
BRDA:16,3,2,0
BRDA:31,4,0,0
BRDA:31,4,1,0
BRDA:32,5,0,0
BRDA:32,5,1,0
BRDA:73,6,0,0
BRDA:79,7,0,0
BRDA:79,8,0,0
BRDA:79,8,1,0
BRDA:84,9,0,0
BRDA:84,10,0,0
BRDA:84,10,1,0
BRDA:91,11,0,0
BRDA:91,11,1,0
BRDA:91,12,0,0
BRDA:91,12,1,0
BRDA:95,13,0,0
BRDA:95,13,1,0
BRDA:97,14,0,0
BRDA:97,14,1,0
BRDA:101,15,0,0
BRDA:101,15,1,0
BRDA:101,16,0,0
BRDA:101,16,1,0
BRDA:101,17,0,0
BRDA:101,17,1,0
BRDA:110,18,0,0
BRDA:116,19,0,0
BRDA:116,20,0,0
BRDA:116,20,1,0
BRDA:121,21,0,0
BRDA:121,22,0,0
BRDA:121,22,1,0
BRDA:128,23,0,0
BRDA:128,23,1,0
BRDA:128,24,0,0
BRDA:128,24,1,0
BRDA:132,25,0,0
BRDA:132,25,1,0
BRDA:134,26,0,0
BRDA:134,26,1,0
BRDA:138,27,0,0
BRDA:138,27,1,0
BRDA:138,28,0,0
BRDA:138,28,1,0
BRDA:138,29,0,0
BRDA:138,29,1,0
BRDA:147,30,0,0
BRDA:153,31,0,0
BRDA:153,31,1,0
BRDA:162,32,0,0
BRDA:168,33,0,0
BRDA:168,33,1,0
BRDA:219,34,0,0
BRDA:219,34,1,0
BRDA:220,35,0,0
BRDA:225,36,0,0
BRDA:225,36,1,0
BRDA:225,37,0,0
BRDA:225,37,1,0
BRDA:229,38,0,0
BRDA:229,38,1,0
BRDA:235,39,0,0
BRDA:235,39,1,0
BRDA:239,40,0,0
BRDA:239,40,1,0
BRDA:240,41,0,0
BRDA:240,41,1,0
BRDA:263,42,0,0
BRDA:263,42,1,0
BRDA:264,43,0,0
BRDA:278,44,0,0
BRDA:303,45,0,0
BRDA:303,45,1,0
BRDA:304,46,0,0
BRDA:309,47,0,0
BRDA:309,47,1,0
BRDA:309,48,0,0
BRDA:309,48,1,0
BRDA:313,49,0,0
BRDA:313,49,1,0
BRDA:319,50,0,0
BRDA:319,50,1,0
BRDA:324,51,0,0
BRDA:324,51,1,0
BRDA:325,52,0,0
BRDA:325,52,1,0
BRDA:348,53,0,0
BRDA:348,53,1,0
BRDA:349,54,0,0
BRDA:363,55,0,0
BRF:97
BRH:0
end_of_record
TN:
SF:src\services\notificaciones-grupo.service.ts
FN:26,sortByDateDesc
FN:28,(anonymous_2)
FN:32,ensureLoaded
FN:47,persistAndNotify
FN:58,(anonymous_5)
FN:61,getUnreadGroupEventNotifications
FN:68,upsertUnreadGroupEventNotification
FN:73,(anonymous_8)
FN:85,clearUnreadGroupEventNotification
FN:90,(anonymous_10)
FN:94,clearAllUnreadGroupEventNotifications
FN:100,subscribeUnreadGroupEventNotifications
FN:105,(anonymous_13)
FN:111,(anonymous_14)
FNF:14
FNH:0
FNDA:0,sortByDateDesc
FNDA:0,(anonymous_2)
FNDA:0,ensureLoaded
FNDA:0,persistAndNotify
FNDA:0,(anonymous_5)
FNDA:0,getUnreadGroupEventNotifications
FNDA:0,upsertUnreadGroupEventNotification
FNDA:0,(anonymous_8)
FNDA:0,clearUnreadGroupEventNotification
FNDA:0,(anonymous_10)
FNDA:0,clearAllUnreadGroupEventNotifications
FNDA:0,subscribeUnreadGroupEventNotifications
FNDA:0,(anonymous_13)
FNDA:0,(anonymous_14)
DA:1,0
DA:3,0
DA:22,0
DA:23,0
DA:24,0
DA:27,0
DA:28,0
DA:33,0
DA:34,0
DA:37,0
DA:38,0
DA:39,0
DA:41,0
DA:43,0
DA:48,0
DA:49,0
DA:57,0
DA:58,0
DA:61,0
DA:64,0
DA:65,0
DA:68,0
DA:71,0
DA:73,0
DA:75,0
DA:76,0
DA:78,0
DA:81,0
DA:82,0
DA:85,0
DA:88,0
DA:90,0
DA:91,0
DA:94,0
DA:95,0
DA:96,0
DA:97,0
DA:100,0
DA:103,0
DA:105,0
DA:106,0
DA:107,0
DA:111,0
DA:112,0
LF:44
LH:0
BRDA:33,0,0,0
BRDA:39,1,0,0
BRDA:39,1,1,0
BRDA:75,2,0,0
BRDA:75,2,1,0
BRDA:106,3,0,0
BRF:6
BRH:0
end_of_record
TN:
SF:src\services\notificaciones-rechazos.service.ts
FN:20,sortByDateDesc
FN:22,(anonymous_2)
FN:26,sanitizeItems
FN:32,(anonymous_4)
FN:60,(anonymous_5)
FN:63,ensureLoaded
FN:78,persistAndNotify
FN:89,(anonymous_8)
FN:92,getUnreadRejectedRequestNotifications
FN:100,upsertUnreadRejectedRequestNotification
FN:116,(anonymous_11)
FN:145,clearUnreadRejectedRequestNotification
FN:156,(anonymous_13)
FN:161,subscribeUnreadRejectedRequestNotifications
FN:166,(anonymous_15)
FN:172,(anonymous_16)
FNF:16
FNH:0
FNDA:0,sortByDateDesc
FNDA:0,(anonymous_2)
FNDA:0,sanitizeItems
FNDA:0,(anonymous_4)
FNDA:0,(anonymous_5)
FNDA:0,ensureLoaded
FNDA:0,persistAndNotify
FNDA:0,(anonymous_8)
FNDA:0,getUnreadRejectedRequestNotifications
FNDA:0,upsertUnreadRejectedRequestNotification
FNDA:0,(anonymous_11)
FNDA:0,clearUnreadRejectedRequestNotification
FNDA:0,(anonymous_13)
FNDA:0,subscribeUnreadRejectedRequestNotifications
FNDA:0,(anonymous_15)
FNDA:0,(anonymous_16)
DA:1,0
DA:3,0
DA:16,0
DA:17,0
DA:18,0
DA:21,0
DA:22,0
DA:27,0
DA:28,0
DA:31,0
DA:33,0
DA:34,0
DA:37,0
DA:38,0
DA:39,0
DA:42,0
DA:44,0
DA:60,0
DA:64,0
DA:65,0
DA:68,0
DA:69,0
DA:70,0
DA:72,0
DA:74,0
DA:79,0
DA:80,0
DA:88,0
DA:89,0
DA:92,0
DA:95,0
DA:96,0
DA:97,0
DA:100,0
DA:108,0
DA:110,0
DA:111,0
DA:112,0
DA:115,0
DA:116,0
DA:119,0
DA:135,0
DA:136,0
DA:138,0
DA:141,0
DA:142,0
DA:145,0
DA:148,0
DA:150,0
DA:151,0
DA:152,0
DA:155,0
DA:156,0
DA:158,0
DA:161,0
DA:164,0
DA:166,0
DA:167,0
DA:168,0
DA:172,0
DA:173,0
LF:61
LH:0
BRDA:27,0,0,0
BRDA:33,1,0,0
BRDA:33,2,0,0
BRDA:33,2,1,0
BRDA:38,3,0,0
BRDA:38,4,0,0
BRDA:38,4,1,0
BRDA:42,5,0,0
BRDA:42,5,1,0
BRDA:47,6,0,0
BRDA:47,6,1,0
BRDA:48,7,0,0
BRDA:48,7,1,0
BRDA:50,8,0,0
BRDA:50,8,1,0
BRDA:50,9,0,0
BRDA:50,9,1,0
BRDA:55,10,0,0
BRDA:55,10,1,0
BRDA:64,11,0,0
BRDA:70,12,0,0
BRDA:70,12,1,0
BRDA:110,13,0,0
BRDA:110,13,1,0
BRDA:111,14,0,0
BRDA:122,15,0,0
BRDA:122,15,1,0
BRDA:123,16,0,0
BRDA:123,16,1,0
BRDA:125,17,0,0
BRDA:125,17,1,0
BRDA:125,18,0,0
BRDA:125,18,1,0
BRDA:128,19,0,0
BRDA:128,19,1,0
BRDA:130,20,0,0
BRDA:130,20,1,0
BRDA:135,21,0,0
BRDA:135,21,1,0
BRDA:150,22,0,0
BRDA:150,22,1,0
BRDA:151,23,0,0
BRDA:167,24,0,0
BRF:43
BRH:0
end_of_record
TN:
SF:src\services\notificaciones-solicitudes.service.ts
FN:18,sortByDateDesc
FN:20,(anonymous_2)
FN:24,sanitizeItems
FN:30,(anonymous_4)
FN:54,(anonymous_5)
FN:57,ensureLoaded
FN:72,persistAndNotify
FN:83,(anonymous_8)
FN:86,getUnreadContactRequestNotifications
FN:94,upsertUnreadContactRequestNotification
FN:107,(anonymous_11)
FN:131,clearUnreadContactRequestNotification
FN:141,(anonymous_13)
FN:145,subscribeUnreadContactRequestNotifications
FN:150,(anonymous_15)
FN:156,(anonymous_16)
FNF:16
FNH:0
FNDA:0,sortByDateDesc
FNDA:0,(anonymous_2)
FNDA:0,sanitizeItems
FNDA:0,(anonymous_4)
FNDA:0,(anonymous_5)
FNDA:0,ensureLoaded
FNDA:0,persistAndNotify
FNDA:0,(anonymous_8)
FNDA:0,getUnreadContactRequestNotifications
FNDA:0,upsertUnreadContactRequestNotification
FNDA:0,(anonymous_11)
FNDA:0,clearUnreadContactRequestNotification
FNDA:0,(anonymous_13)
FNDA:0,subscribeUnreadContactRequestNotifications
FNDA:0,(anonymous_15)
FNDA:0,(anonymous_16)
DA:1,0
DA:3,0
DA:14,0
DA:15,0
DA:16,0
DA:19,0
DA:20,0
DA:25,0
DA:26,0
DA:29,0
DA:31,0
DA:32,0
DA:35,0
DA:36,0
DA:37,0
DA:40,0
DA:54,0
DA:58,0
DA:59,0
DA:62,0
DA:63,0
DA:64,0
DA:66,0
DA:68,0
DA:73,0
DA:74,0
DA:82,0
DA:83,0
DA:86,0
DA:89,0
DA:90,0
DA:91,0
DA:94,0
DA:99,0
DA:101,0
DA:102,0
DA:103,0
DA:106,0
DA:107,0
DA:110,0
DA:121,0
DA:122,0
DA:124,0
DA:127,0
DA:128,0
DA:131,0
DA:134,0
DA:136,0
DA:137,0
DA:138,0
DA:141,0
DA:142,0
DA:145,0
DA:148,0
DA:150,0
DA:151,0
DA:152,0
DA:156,0
DA:157,0
LF:59
LH:0
BRDA:25,0,0,0
BRDA:31,1,0,0
BRDA:31,2,0,0
BRDA:31,2,1,0
BRDA:36,3,0,0
BRDA:36,4,0,0
BRDA:36,4,1,0
BRDA:43,5,0,0
BRDA:43,5,1,0
BRDA:45,6,0,0
BRDA:45,6,1,0
BRDA:45,7,0,0
BRDA:45,7,1,0
BRDA:49,8,0,0
BRDA:49,8,1,0
BRDA:58,9,0,0
BRDA:64,10,0,0
BRDA:64,10,1,0
BRDA:101,11,0,0
BRDA:101,11,1,0
BRDA:102,12,0,0
BRDA:113,13,0,0
BRDA:113,13,1,0
BRDA:115,14,0,0
BRDA:115,14,1,0
BRDA:115,15,0,0
BRDA:115,15,1,0
BRDA:121,16,0,0
BRDA:121,16,1,0
BRDA:136,17,0,0
BRDA:136,17,1,0
BRDA:137,18,0,0
BRDA:151,19,0,0
BRF:33
BRH:0
end_of_record
TN:
SF:src\services\notificaciones.service.ts
FN:12,logExpoGoInfoOnce
FN:23,getNotificationsModule
FN:27,(anonymous_12)
FN:28,(anonymous_13)
FN:29,(anonymous_14)
FN:41,ensureChannel
FN:60,ensurePermissions
FN:83,getPermissionStatus
FN:109,initializeNotifications
FN:130,(anonymous_19)
FN:139,notifyIncomingMessage
FN:167,sendPushTestToCurrentUser
FN:177,clearDeliveredNotifications
FNF:13
FNH:0
FNDA:0,logExpoGoInfoOnce
FNDA:0,getNotificationsModule
FNDA:0,(anonymous_12)
FNDA:0,(anonymous_13)
FNDA:0,(anonymous_14)
FNDA:0,ensureChannel
FNDA:0,ensurePermissions
FNDA:0,getPermissionStatus
FNDA:0,initializeNotifications
FNDA:0,(anonymous_19)
FNDA:0,notifyIncomingMessage
FNDA:0,sendPushTestToCurrentUser
FNDA:0,clearDeliveredNotifications
DA:1,0
DA:3,0
DA:4,0
DA:6,0
DA:7,0
DA:10,0
DA:13,0
DA:14,0
DA:17,0
DA:18,0
DA:26,0
DA:27,0
DA:28,0
DA:30,0
DA:34,0
DA:38,0
DA:42,0
DA:43,0
DA:45,0
DA:46,0
DA:49,0
DA:56,0
DA:60,0
DA:63,0
DA:64,0
DA:66,0
DA:67,0
DA:70,0
DA:72,0
DA:76,0
DA:78,0
DA:79,0
DA:83,0
DA:86,0
DA:87,0
DA:89,0
DA:90,0
DA:93,0
DA:94,0
DA:95,0
DA:98,0
DA:99,0
DA:102,0
DA:104,0
DA:105,0
DA:109,0
DA:110,0
DA:112,0
DA:115,0
DA:116,0
DA:119,0
DA:121,0
DA:123,0
DA:124,0
DA:127,0
DA:129,0
DA:130,0
DA:139,0
DA:144,0
DA:145,0
DA:147,0
DA:148,0
DA:151,0
DA:153,0
DA:163,0
DA:167,0
DA:168,0
DA:177,0
DA:178,0
DA:179,0
DA:181,0
DA:182,0
DA:185,0
DA:186,0
DA:188,0
DA:192,0
LF:76
LH:0
BRDA:13,0,0,0
BRDA:26,1,0,0
BRDA:45,2,0,0
BRDA:61,3,0,0
BRDA:66,4,0,0
BRDA:72,5,0,0
BRDA:72,5,1,0
BRDA:89,6,0,0
BRDA:94,7,0,0
BRDA:98,8,0,0
BRDA:110,9,0,0
BRDA:115,10,0,0
BRDA:123,11,0,0
BRDA:147,12,0,0
BRDA:157,13,0,0
BRDA:157,13,1,0
BRDA:181,14,0,0
BRF:17
BRH:0
end_of_record
TN:
SF:src\services\onboarding.service.ts
FN:6,(anonymous_1)
FN:10,(anonymous_2)
FN:15,(anonymous_3)
FN:19,(anonymous_4)
FNF:4
FNH:0
FNDA:0,(anonymous_1)
FNDA:0,(anonymous_2)
FNDA:0,(anonymous_3)
FNDA:0,(anonymous_4)
DA:1,0
DA:3,0
DA:7,0
DA:11,0
DA:12,0
DA:16,0
DA:20,0
DA:24,0
LF:8
LH:0
BRF:0
BRH:0
end_of_record
TN:
SF:src\services\recursos.service.ts
FN:16,(anonymous_0)
FN:21,(anonymous_1)
FN:26,(anonymous_2)
FNF:3
FNH:0
FNDA:0,(anonymous_0)
FNDA:0,(anonymous_1)
FNDA:0,(anonymous_2)
DA:1,0
DA:17,0
DA:18,0
DA:22,0
DA:23,0
DA:27,0
DA:31,0
LF:7
LH:0
BRDA:18,0,0,0
BRDA:18,0,1,0
BRF:2
BRH:0
end_of_record
TN:
SF:src\services\sesion.service.ts
FN:25,(anonymous_0)
FN:38,(anonymous_1)
FN:43,(anonymous_2)
FN:52,(anonymous_3)
FNF:4
FNH:0
FNDA:0,(anonymous_0)
FNDA:0,(anonymous_1)
FNDA:0,(anonymous_2)
FNDA:0,(anonymous_3)
DA:1,0
DA:24,0
DA:34,0
DA:35,0
DA:39,0
DA:40,0
DA:48,0
DA:49,0
DA:53,0
LF:9
LH:0
BRF:0
BRH:0
end_of_record
TN:
SF:src\services\usuarios.service.ts
FN:17,(anonymous_0)
FN:22,(anonymous_1)
FN:30,(anonymous_2)
FN:37,(anonymous_3)
FN:45,(anonymous_4)
FN:55,(anonymous_5)
FN:65,(anonymous_6)
FN:70,(anonymous_7)
FN:73,(anonymous_8)
FN:89,(anonymous_9)
FN:98,(anonymous_10)
FN:107,(anonymous_11)
FN:111,(anonymous_12)
FN:123,(anonymous_13)
FN:132,(anonymous_14)
FNF:15
FNH:0
FNDA:0,(anonymous_0)
FNDA:0,(anonymous_1)
FNDA:0,(anonymous_2)
FNDA:0,(anonymous_3)
FNDA:0,(anonymous_4)
FNDA:0,(anonymous_5)
FNDA:0,(anonymous_6)
FNDA:0,(anonymous_7)
FNDA:0,(anonymous_8)
FNDA:0,(anonymous_9)
FNDA:0,(anonymous_10)
FNDA:0,(anonymous_11)
FNDA:0,(anonymous_12)
FNDA:0,(anonymous_13)
FNDA:0,(anonymous_14)
DA:1,0
DA:18,0
DA:19,0
DA:23,0
DA:24,0
DA:31,0
DA:38,0
DA:39,0
DA:46,0
DA:49,0
DA:56,0
DA:66,0
DA:70,0
DA:71,0
DA:72,0
DA:73,0
DA:76,0
DA:90,0
DA:99,0
DA:108,0
DA:111,0
DA:117,0
DA:124,0
DA:125,0
DA:128,0
DA:129,0
DA:130,0
DA:132,0
DA:133,0
DA:134,0
DA:136,0
DA:142,0
DA:147,0
LF:33
LH:0
BRDA:39,0,0,0
BRDA:39,0,1,0
BRDA:49,1,0,0
BRDA:49,1,1,0
BRDA:70,2,0,0
BRDA:70,2,1,0
BRDA:71,3,0,0
BRDA:71,3,1,0
BRDA:73,4,0,0
BRDA:73,4,1,0
BRDA:77,5,0,0
BRDA:77,5,1,0
BRDA:77,5,2,0
BRDA:78,6,0,0
BRDA:78,6,1,0
BRDA:78,6,2,0
BRDA:80,7,0,0
BRDA:80,7,1,0
BRDA:80,7,2,0
BRDA:111,8,0,0
BRDA:111,8,1,0
BRDA:112,9,0,0
BRDA:112,9,1,0
BRDA:112,9,2,0
BRDA:113,10,0,0
BRDA:113,10,1,0
BRDA:114,11,0,0
BRDA:114,11,1,0
BRDA:124,12,0,0
BRDA:137,13,0,0
BRDA:137,13,1,0
BRF:31
BRH:0
end_of_record
TN:
SF:src\styles\CompletarRegistroScreen.styles.ts
FN:4,(anonymous_1)
FNF:1
FNH:0
FNDA:0,(anonymous_1)
DA:1,0
DA:2,0
DA:4,0
DA:5,0
DA:6,0
DA:8,0
LF:6
LH:0
BRF:0
BRH:0
end_of_record
TN:
SF:src\styles\ContactScreen.styles.ts
FNF:0
FNH:0
DA:1,0
DA:3,0
LF:2
LH:0
BRF:0
BRH:0
end_of_record
TN:
SF:src\styles\DetalleGrupoScreen.styles.ts
FNF:0
FNH:0
DA:1,0
DA:2,0
DA:4,0
LF:3
LH:0
BRF:0
BRH:0
end_of_record
TN:
SF:src\styles\EventosScreen.styles.ts
FNF:0
FNH:0
DA:1,0
DA:2,0
DA:4,0
LF:3
LH:0
BRF:0
BRH:0
end_of_record
TN:
SF:src\styles\GruposScreen.styles.ts
FNF:0
FNH:0
DA:1,0
DA:2,0
DA:4,0
LF:3
LH:0
BRF:0
BRH:0
end_of_record
TN:
SF:src\styles\HomeScreen.styles.ts
FN:4,(anonymous_1)
FNF:1
FNH:0
FNDA:0,(anonymous_1)
DA:1,0
DA:2,0
DA:4,0
DA:5,0
DA:6,0
DA:8,0
LF:6
LH:0
BRDA:26,0,0,0
BRDA:26,0,1,0
BRDA:31,1,0,0
BRDA:31,1,1,0
BRDA:33,2,0,0
BRDA:33,2,1,0
BRDA:38,3,0,0
BRDA:38,3,1,0
BRDA:104,4,0,0
BRDA:104,4,1,0
BRDA:119,5,0,0
BRDA:119,5,1,0
BRDA:120,6,0,0
BRDA:120,6,1,0
BRF:14
BRH:0
end_of_record
TN:
SF:src\styles\LoginScreen.styles.ts
FN:4,(anonymous_1)
FNF:1
FNH:0
FNDA:0,(anonymous_1)
DA:1,0
DA:2,0
DA:4,0
DA:5,0
DA:6,0
DA:8,0
LF:6
LH:0
BRF:0
BRH:0
end_of_record
TN:
SF:src\styles\MensajeDirectoScreen.Styles.ts
FNF:0
FNH:0
DA:1,0
DA:3,0
LF:2
LH:0
BRDA:7,0,0,0
BRDA:7,0,1,0
BRF:2
BRH:0
end_of_record
TN:
SF:src\styles\MiembrosGrupoModal.styles.ts
FNF:0
FNH:0
DA:1,0
DA:3,0
LF:2
LH:0
BRF:0
BRH:0
end_of_record
TN:
SF:src\styles\NotificacionesScreen.styles.ts
FNF:0
FNH:0
DA:1,0
DA:3,0
LF:2
LH:0
BRF:0
BRH:0
end_of_record
TN:
SF:src\styles\PrincipalScreenStyles.ts
FNF:0
FNH:0
DA:1,0
DA:2,0
DA:4,0
LF:3
LH:0
BRDA:17,0,0,0
BRDA:17,0,1,0
BRDA:18,1,0,0
BRDA:18,1,1,0
BRDA:19,2,0,0
BRDA:19,2,1,0
BRDA:20,3,0,0
BRDA:20,3,1,0
BRDA:49,4,0,0
BRDA:49,4,1,0
BRDA:50,5,0,0
BRDA:50,5,1,0
BRDA:105,6,0,0
BRDA:105,6,1,0
BRDA:110,7,0,0
BRDA:110,7,1,0
BRDA:112,8,0,0
BRDA:112,8,1,0
BRDA:113,9,0,0
BRDA:113,9,1,0
BRDA:116,10,0,0
BRDA:116,10,1,0
BRDA:117,11,0,0
BRDA:117,11,1,0
BRDA:118,12,0,0
BRDA:118,12,1,0
BRDA:123,13,0,0
BRDA:123,13,1,0
BRDA:126,14,0,0
BRDA:126,14,1,0
BRDA:367,15,0,0
BRDA:367,15,1,0
BRDA:382,16,0,0
BRDA:382,16,1,0
BRF:34
BRH:0
end_of_record
TN:
SF:src\styles\RegistroScreen.styles.ts
FN:4,(anonymous_1)
FNF:1
FNH:0
FNDA:0,(anonymous_1)
DA:1,0
DA:2,0
DA:4,0
DA:5,0
DA:6,0
DA:8,0
LF:6
LH:0
BRDA:42,0,0,0
BRDA:42,0,1,0
BRF:2
BRH:0
end_of_record
TN:
SF:src\styles\SolicitudesGrupoScreen.styles.ts
FNF:0
FNH:0
DA:1,0
DA:3,0
LF:2
LH:0
BRF:0
BRH:0
end_of_record
TN:
SF:src\styles\SolicitudesScreen.styles.ts
FNF:0
FNH:0
DA:1,0
DA:3,0
LF:2
LH:0
BRF:0
BRH:0
end_of_record
TN:
SF:src\styles\global.ts
FNF:0
FNH:0
DA:1,0
DA:2,0
DA:4,0
DA:60,0
DA:61,0
LF:5
LH:0
BRF:0
BRH:0
end_of_record
TN:
SF:src\styles\theme.ts
FN:1,(anonymous_1)
FN:1,(anonymous_2)
FN:1,(anonymous_3)
FN:1,(anonymous_4)
FN:1,(anonymous_5)
FNF:5
FNH:0
FNDA:0,(anonymous_1)
FNDA:0,(anonymous_2)
FNDA:0,(anonymous_3)
FNDA:0,(anonymous_4)
FNDA:0,(anonymous_5)
DA:1,0
LF:1
LH:0
BRF:0
BRH:0
end_of_record
TN:
SF:src\types\notificacion.types.ts
FN:33,tieneNivel
FN:37,tieneAccion
FNF:2
FNH:0
FNDA:0,tieneNivel
FNDA:0,tieneAccion
DA:33,0
DA:34,0
DA:37,0
DA:38,0
LF:4
LH:0
BRF:0
BRH:0
end_of_record
TN:
SF:src\utils\apiConfig.ts
FN:4,extraerHostDesdeHostUri
FN:23,esHostLanValido
FN:33,(anonymous_3)
FN:43,obtenerHostExpo
FN:53,resolverApiBaseUrl
FNF:5
FNH:0
FNDA:0,extraerHostDesdeHostUri
FNDA:0,esHostLanValido
FNDA:0,(anonymous_3)
FNDA:0,obtenerHostExpo
FNDA:0,resolverApiBaseUrl
DA:1,0
DA:2,0
DA:5,0
DA:6,0
DA:7,0
DA:8,0
DA:9,0
DA:11,0
DA:14,0
DA:15,0
DA:16,0
DA:18,0
DA:19,0
DA:20,0
DA:24,0
DA:25,0
DA:26,0
DA:27,0
DA:30,0
DA:31,0
DA:32,0
DA:33,0
DA:35,0
DA:36,0
DA:37,0
DA:38,0
DA:39,0
DA:40,0
DA:44,0
DA:45,0
DA:46,0
DA:49,0
DA:53,0
DA:54,0
DA:56,0
DA:57,0
DA:58,0
DA:59,0
DA:60,0
DA:61,0
DA:62,0
DA:65,0
DA:68,0
DA:69,0
LF:44
LH:0
BRDA:6,0,0,0
BRDA:7,1,0,0
BRDA:9,2,0,0
BRDA:9,2,1,0
BRDA:14,3,0,0
BRDA:16,4,0,0
BRDA:16,4,1,0
BRDA:19,5,0,0
BRDA:19,6,0,0
BRDA:19,6,1,0
BRDA:25,7,0,0
BRDA:25,8,0,0
BRDA:25,8,1,0
BRDA:30,9,0,0
BRDA:32,10,0,0
BRDA:33,11,0,0
BRDA:33,11,1,0
BRDA:33,11,2,0
BRDA:37,12,0,0
BRDA:38,13,0,0
BRDA:38,14,0,0
BRDA:38,14,1,0
BRDA:38,14,2,0
BRDA:39,15,0,0
BRDA:39,16,0,0
BRDA:39,16,1,0
BRDA:45,17,0,0
BRDA:49,18,0,0
BRDA:49,18,1,0
BRDA:56,19,0,0
BRDA:56,19,1,0
BRDA:57,20,0,0
BRDA:59,21,0,0
BRDA:61,22,0,0
BRDA:61,23,0,0
BRDA:61,23,1,0
BRDA:62,24,0,0
BRDA:62,24,1,0
BRDA:68,25,0,0
BRF:39
BRH:0
end_of_record
TN:
SF:src\utils\toast.ts
FN:4,(anonymous_1)
FN:14,(anonymous_2)
FN:24,(anonymous_3)
FNF:3
FNH:0
FNDA:0,(anonymous_1)
FNDA:0,(anonymous_2)
FNDA:0,(anonymous_3)
DA:1,0
DA:3,0
DA:5,0
DA:15,0
DA:25,0
LF:5
LH:0
BRF:0
BRH:0
end_of_record
