{"total": {"lines":{"total":2203,"covered":0,"skipped":0,"pct":0},"statements":{"total":2487,"covered":0,"skipped":0,"pct":0},"functions":{"total":721,"covered":0,"skipped":0,"pct":0},"branches":{"total":1527,"covered":0,"skipped":0,"pct":0},"branchesTrue":{"total":0,"covered":0,"skipped":0,"pct":100}}
,"C:\\Users\\JackelineR\\OneDrive\\Escritorio\\proyecto\\Frontend-UnConnect\\web\\src\\App.tsx": {"lines":{"total":21,"covered":0,"skipped":0,"pct":0},"functions":{"total":21,"covered":0,"skipped":0,"pct":0},"statements":{"total":39,"covered":0,"skipped":0,"pct":0},"branches":{"total":0,"covered":0,"skipped":0,"pct":100}}
,"C:\\Users\\JackelineR\\OneDrive\\Escritorio\\proyecto\\Frontend-UnConnect\\web\\src\\api\\apiClient.ts": {"lines":{"total":13,"covered":0,"skipped":0,"pct":0},"functions":{"total":3,"covered":0,"skipped":0,"pct":0},"statements":{"total":13,"covered":0,"skipped":0,"pct":0},"branches":{"total":2,"covered":0,"skipped":0,"pct":0}}
,"C:\\Users\\JackelineR\\OneDrive\\Escritorio\\proyecto\\Frontend-UnConnect\\web\\src\\components\\AppLayout.tsx": {"lines":{"total":15,"covered":0,"skipped":0,"pct":0},"functions":{"total":9,"covered":0,"skipped":0,"pct":0},"statements":{"total":16,"covered":0,"skipped":0,"pct":0},"branches":{"total":13,"covered":0,"skipped":0,"pct":0}}
,"C:\\Users\\JackelineR\\OneDrive\\Escritorio\\proyecto\\Frontend-UnConnect\\web\\src\\components\\ProtectedRoute.tsx": {"lines":{"total":7,"covered":0,"skipped":0,"pct":0},"functions":{"total":1,"covered":0,"skipped":0,"pct":0},"statements":{"total":7,"covered":0,"skipped":0,"pct":0},"branches":{"total":4,"covered":0,"skipped":0,"pct":0}}
,"C:\\Users\\JackelineR\\OneDrive\\Escritorio\\proyecto\\Frontend-UnConnect\\web\\src\\components\\RecursosTab.tsx": {"lines":{"total":92,"covered":0,"skipped":0,"pct":0},"functions":{"total":32,"covered":0,"skipped":0,"pct":0},"statements":{"total":103,"covered":0,"skipped":0,"pct":0},"branches":{"total":81,"covered":0,"skipped":0,"pct":0}}
,"C:\\Users\\JackelineR\\OneDrive\\Escritorio\\proyecto\\Frontend-UnConnect\\web\\src\\components\\ToastContainer.tsx": {"lines":{"total":7,"covered":0,"skipped":0,"pct":0},"functions":{"total":4,"covered":0,"skipped":0,"pct":0},"statements":{"total":8,"covered":0,"skipped":0,"pct":0},"branches":{"total":6,"covered":0,"skipped":0,"pct":0}}
,"C:\\Users\\JackelineR\\OneDrive\\Escritorio\\proyecto\\Frontend-UnConnect\\web\\src\\context\\AuthContext.tsx": {"lines":{"total":33,"covered":0,"skipped":0,"pct":0},"functions":{"total":8,"covered":0,"skipped":0,"pct":0},"statements":{"total":34,"covered":0,"skipped":0,"pct":0},"branches":{"total":6,"covered":0,"skipped":0,"pct":0}}
,"C:\\Users\\JackelineR\\OneDrive\\Escritorio\\proyecto\\Frontend-UnConnect\\web\\src\\context\\NotificationsContext.tsx": {"lines":{"total":83,"covered":0,"skipped":0,"pct":0},"functions":{"total":21,"covered":0,"skipped":0,"pct":0},"statements":{"total":95,"covered":0,"skipped":0,"pct":0},"branches":{"total":113,"covered":0,"skipped":0,"pct":0}}
,"C:\\Users\\JackelineR\\OneDrive\\Escritorio\\proyecto\\Frontend-UnConnect\\web\\src\\hooks\\useAuth0Web.ts": {"lines":{"total":73,"covered":0,"skipped":0,"pct":0},"functions":{"total":6,"covered":0,"skipped":0,"pct":0},"statements":{"total":74,"covered":0,"skipped":0,"pct":0},"branches":{"total":33,"covered":0,"skipped":0,"pct":0}}
,"C:\\Users\\JackelineR\\OneDrive\\Escritorio\\proyecto\\Frontend-UnConnect\\web\\src\\hooks\\useChatDirecto.ts": {"lines":{"total":98,"covered":0,"skipped":0,"pct":0},"functions":{"total":25,"covered":0,"skipped":0,"pct":0},"statements":{"total":110,"covered":0,"skipped":0,"pct":0},"branches":{"total":62,"covered":0,"skipped":0,"pct":0}}
,"C:\\Users\\JackelineR\\OneDrive\\Escritorio\\proyecto\\Frontend-UnConnect\\web\\src\\hooks\\useChatGrupo.ts": {"lines":{"total":148,"covered":0,"skipped":0,"pct":0},"functions":{"total":37,"covered":0,"skipped":0,"pct":0},"statements":{"total":167,"covered":0,"skipped":0,"pct":0},"branches":{"total":90,"covered":0,"skipped":0,"pct":0}}
,"C:\\Users\\JackelineR\\OneDrive\\Escritorio\\proyecto\\Frontend-UnConnect\\web\\src\\pages\\CompletarRegistroScreen.tsx": {"lines":{"total":137,"covered":0,"skipped":0,"pct":0},"functions":{"total":38,"covered":0,"skipped":0,"pct":0},"statements":{"total":156,"covered":0,"skipped":0,"pct":0},"branches":{"total":130,"covered":0,"skipped":0,"pct":0}}
,"C:\\Users\\JackelineR\\OneDrive\\Escritorio\\proyecto\\Frontend-UnConnect\\web\\src\\pages\\ContactScreen.tsx": {"lines":{"total":79,"covered":0,"skipped":0,"pct":0},"functions":{"total":27,"covered":0,"skipped":0,"pct":0},"statements":{"total":98,"covered":0,"skipped":0,"pct":0},"branches":{"total":59,"covered":0,"skipped":0,"pct":0}}
,"C:\\Users\\JackelineR\\OneDrive\\Escritorio\\proyecto\\Frontend-UnConnect\\web\\src\\pages\\DetalleGrupoScreen.tsx": {"lines":{"total":147,"covered":0,"skipped":0,"pct":0},"functions":{"total":41,"covered":0,"skipped":0,"pct":0},"statements":{"total":163,"covered":0,"skipped":0,"pct":0},"branches":{"total":102,"covered":0,"skipped":0,"pct":0}}
,"C:\\Users\\JackelineR\\OneDrive\\Escritorio\\proyecto\\Frontend-UnConnect\\web\\src\\pages\\EditarPerfilScreen.tsx": {"lines":{"total":74,"covered":0,"skipped":0,"pct":0},"functions":{"total":21,"covered":0,"skipped":0,"pct":0},"statements":{"total":84,"covered":0,"skipped":0,"pct":0},"branches":{"total":76,"covered":0,"skipped":0,"pct":0}}
,"C:\\Users\\JackelineR\\OneDrive\\Escritorio\\proyecto\\Frontend-UnConnect\\web\\src\\pages\\EventosScreen.tsx": {"lines":{"total":89,"covered":0,"skipped":0,"pct":0},"functions":{"total":28,"covered":0,"skipped":0,"pct":0},"statements":{"total":106,"covered":0,"skipped":0,"pct":0},"branches":{"total":69,"covered":0,"skipped":0,"pct":0}}
,"C:\\Users\\JackelineR\\OneDrive\\Escritorio\\proyecto\\Frontend-UnConnect\\web\\src\\pages\\ForoScreen.tsx": {"lines":{"total":84,"covered":0,"skipped":0,"pct":0},"functions":{"total":30,"covered":0,"skipped":0,"pct":0},"statements":{"total":90,"covered":0,"skipped":0,"pct":0},"branches":{"total":56,"covered":0,"skipped":0,"pct":0}}
,"C:\\Users\\JackelineR\\OneDrive\\Escritorio\\proyecto\\Frontend-UnConnect\\web\\src\\pages\\GruposScreen.tsx": {"lines":{"total":91,"covered":0,"skipped":0,"pct":0},"functions":{"total":27,"covered":0,"skipped":0,"pct":0},"statements":{"total":93,"covered":0,"skipped":0,"pct":0},"branches":{"total":57,"covered":0,"skipped":0,"pct":0}}
,"C:\\Users\\JackelineR\\OneDrive\\Escritorio\\proyecto\\Frontend-UnConnect\\web\\src\\pages\\HomeScreen.tsx": {"lines":{"total":17,"covered":0,"skipped":0,"pct":0},"functions":{"total":11,"covered":0,"skipped":0,"pct":0},"statements":{"total":17,"covered":0,"skipped":0,"pct":0},"branches":{"total":4,"covered":0,"skipped":0,"pct":0}}
,"C:\\Users\\JackelineR\\OneDrive\\Escritorio\\proyecto\\Frontend-UnConnect\\web\\src\\pages\\LoginScreen.tsx": {"lines":{"total":43,"covered":0,"skipped":0,"pct":0},"functions":{"total":7,"covered":0,"skipped":0,"pct":0},"statements":{"total":44,"covered":0,"skipped":0,"pct":0},"branches":{"total":24,"covered":0,"skipped":0,"pct":0}}
,"C:\\Users\\JackelineR\\OneDrive\\Escritorio\\proyecto\\Frontend-UnConnect\\web\\src\\pages\\MensajeDirectoScreen.tsx": {"lines":{"total":33,"covered":0,"skipped":0,"pct":0},"functions":{"total":20,"covered":0,"skipped":0,"pct":0},"statements":{"total":40,"covered":0,"skipped":0,"pct":0},"branches":{"total":41,"covered":0,"skipped":0,"pct":0}}
,"C:\\Users\\JackelineR\\OneDrive\\Escritorio\\proyecto\\Frontend-UnConnect\\web\\src\\pages\\MensajeGrupoScreen.tsx": {"lines":{"total":55,"covered":0,"skipped":0,"pct":0},"functions":{"total":30,"covered":0,"skipped":0,"pct":0},"statements":{"total":63,"covered":0,"skipped":0,"pct":0},"branches":{"total":51,"covered":0,"skipped":0,"pct":0}}
,"C:\\Users\\JackelineR\\OneDrive\\Escritorio\\proyecto\\Frontend-UnConnect\\web\\src\\pages\\NotificacionesScreen.tsx": {"lines":{"total":72,"covered":0,"skipped":0,"pct":0},"functions":{"total":17,"covered":0,"skipped":0,"pct":0},"statements":{"total":84,"covered":0,"skipped":0,"pct":0},"branches":{"total":66,"covered":0,"skipped":0,"pct":0}}
,"C:\\Users\\JackelineR\\OneDrive\\Escritorio\\proyecto\\Frontend-UnConnect\\web\\src\\pages\\PerfilEstudianteScreen.tsx": {"lines":{"total":19,"covered":0,"skipped":0,"pct":0},"functions":{"total":7,"covered":0,"skipped":0,"pct":0},"statements":{"total":20,"covered":0,"skipped":0,"pct":0},"branches":{"total":20,"covered":0,"skipped":0,"pct":0}}
,"C:\\Users\\JackelineR\\OneDrive\\Escritorio\\proyecto\\Frontend-UnConnect\\web\\src\\pages\\PrincipalScreen.tsx": {"lines":{"total":83,"covered":0,"skipped":0,"pct":0},"functions":{"total":33,"covered":0,"skipped":0,"pct":0},"statements":{"total":97,"covered":0,"skipped":0,"pct":0},"branches":{"total":57,"covered":0,"skipped":0,"pct":0}}
,"C:\\Users\\JackelineR\\OneDrive\\Escritorio\\proyecto\\Frontend-UnConnect\\web\\src\\pages\\RegistroScreen.tsx": {"lines":{"total":7,"covered":0,"skipped":0,"pct":0},"functions":{"total":3,"covered":0,"skipped":0,"pct":0},"statements":{"total":7,"covered":0,"skipped":0,"pct":0},"branches":{"total":6,"covered":0,"skipped":0,"pct":0}}
,"C:\\Users\\JackelineR\\OneDrive\\Escritorio\\proyecto\\Frontend-UnConnect\\web\\src\\pages\\SesionesEstudioScreen.tsx": {"lines":{"total":98,"covered":0,"skipped":0,"pct":0},"functions":{"total":32,"covered":0,"skipped":0,"pct":0},"statements":{"total":111,"covered":0,"skipped":0,"pct":0},"branches":{"total":53,"covered":0,"skipped":0,"pct":0}}
,"C:\\Users\\JackelineR\\OneDrive\\Escritorio\\proyecto\\Frontend-UnConnect\\web\\src\\pages\\SolicitudesGrupoScreen.tsx": {"lines":{"total":49,"covered":0,"skipped":0,"pct":0},"functions":{"total":13,"covered":0,"skipped":0,"pct":0},"statements":{"total":52,"covered":0,"skipped":0,"pct":0},"branches":{"total":29,"covered":0,"skipped":0,"pct":0}}
,"C:\\Users\\JackelineR\\OneDrive\\Escritorio\\proyecto\\Frontend-UnConnect\\web\\src\\pages\\SolicitudesScreen.tsx": {"lines":{"total":32,"covered":0,"skipped":0,"pct":0},"functions":{"total":11,"covered":0,"skipped":0,"pct":0},"statements":{"total":36,"covered":0,"skipped":0,"pct":0},"branches":{"total":13,"covered":0,"skipped":0,"pct":0}}
,"C:\\Users\\JackelineR\\OneDrive\\Escritorio\\proyecto\\Frontend-UnConnect\\web\\src\\services\\archivos.service.ts": {"lines":{"total":18,"covered":0,"skipped":0,"pct":0},"functions":{"total":5,"covered":0,"skipped":0,"pct":0},"statements":{"total":18,"covered":0,"skipped":0,"pct":0},"branches":{"total":10,"covered":0,"skipped":0,"pct":0}}
,"C:\\Users\\JackelineR\\OneDrive\\Escritorio\\proyecto\\Frontend-UnConnect\\web\\src\\services\\auth.service.ts": {"lines":{"total":23,"covered":0,"skipped":0,"pct":0},"functions":{"total":6,"covered":0,"skipped":0,"pct":0},"statements":{"total":24,"covered":0,"skipped":0,"pct":0},"branches":{"total":11,"covered":0,"skipped":0,"pct":0}}
,"C:\\Users\\JackelineR\\OneDrive\\Escritorio\\proyecto\\Frontend-UnConnect\\web\\src\\services\\contacto-events.service.ts": {"lines":{"total":8,"covered":0,"skipped":0,"pct":0},"functions":{"total":8,"covered":0,"skipped":0,"pct":0},"statements":{"total":12,"covered":0,"skipped":0,"pct":0},"branches":{"total":0,"covered":0,"skipped":0,"pct":100}}
,"C:\\Users\\JackelineR\\OneDrive\\Escritorio\\proyecto\\Frontend-UnConnect\\web\\src\\services\\encuestas.service.ts": {"lines":{"total":15,"covered":0,"skipped":0,"pct":0},"functions":{"total":4,"covered":0,"skipped":0,"pct":0},"statements":{"total":19,"covered":0,"skipped":0,"pct":0},"branches":{"total":10,"covered":0,"skipped":0,"pct":0}}
,"C:\\Users\\JackelineR\\OneDrive\\Escritorio\\proyecto\\Frontend-UnConnect\\web\\src\\services\\eventos.service.ts": {"lines":{"total":8,"covered":0,"skipped":0,"pct":0},"functions":{"total":5,"covered":0,"skipped":0,"pct":0},"statements":{"total":8,"covered":0,"skipped":0,"pct":0},"branches":{"total":2,"covered":0,"skipped":0,"pct":0}}
,"C:\\Users\\JackelineR\\OneDrive\\Escritorio\\proyecto\\Frontend-UnConnect\\web\\src\\services\\foro.service.ts": {"lines":{"total":11,"covered":0,"skipped":0,"pct":0},"functions":{"total":5,"covered":0,"skipped":0,"pct":0},"statements":{"total":11,"covered":0,"skipped":0,"pct":0},"branches":{"total":0,"covered":0,"skipped":0,"pct":100}}
,"C:\\Users\\JackelineR\\OneDrive\\Escritorio\\proyecto\\Frontend-UnConnect\\web\\src\\services\\grupos.service.ts": {"lines":{"total":24,"covered":0,"skipped":0,"pct":0},"functions":{"total":16,"covered":0,"skipped":0,"pct":0},"statements":{"total":24,"covered":0,"skipped":0,"pct":0},"branches":{"total":10,"covered":0,"skipped":0,"pct":0}}
,"C:\\Users\\JackelineR\\OneDrive\\Escritorio\\proyecto\\Frontend-UnConnect\\web\\src\\services\\index.ts": {"lines":{"total":0,"covered":0,"skipped":0,"pct":100},"functions":{"total":0,"covered":0,"skipped":0,"pct":100},"statements":{"total":0,"covered":0,"skipped":0,"pct":100},"branches":{"total":0,"covered":0,"skipped":0,"pct":100}}
,"C:\\Users\\JackelineR\\OneDrive\\Escritorio\\proyecto\\Frontend-UnConnect\\web\\src\\services\\materias.service.ts": {"lines":{"total":10,"covered":0,"skipped":0,"pct":0},"functions":{"total":3,"covered":0,"skipped":0,"pct":0},"statements":{"total":12,"covered":0,"skipped":0,"pct":0},"branches":{"total":8,"covered":0,"skipped":0,"pct":0}}
,"C:\\Users\\JackelineR\\OneDrive\\Escritorio\\proyecto\\Frontend-UnConnect\\web\\src\\services\\mensajes.service.ts": {"lines":{"total":32,"covered":0,"skipped":0,"pct":0},"functions":{"total":7,"covered":0,"skipped":0,"pct":0},"statements":{"total":39,"covered":0,"skipped":0,"pct":0},"branches":{"total":16,"covered":0,"skipped":0,"pct":0}}
,"C:\\Users\\JackelineR\\OneDrive\\Escritorio\\proyecto\\Frontend-UnConnect\\web\\src\\services\\notificaciones-badge.service.ts": {"lines":{"total":28,"covered":0,"skipped":0,"pct":0},"functions":{"total":9,"covered":0,"skipped":0,"pct":0},"statements":{"total":30,"covered":0,"skipped":0,"pct":0},"branches":{"total":11,"covered":0,"skipped":0,"pct":0}}
,"C:\\Users\\JackelineR\\OneDrive\\Escritorio\\proyecto\\Frontend-UnConnect\\web\\src\\services\\notificaciones-chat.service.ts": {"lines":{"total":72,"covered":0,"skipped":0,"pct":0},"functions":{"total":24,"covered":0,"skipped":0,"pct":0},"statements":{"total":86,"covered":0,"skipped":0,"pct":0},"branches":{"total":44,"covered":0,"skipped":0,"pct":0}}
,"C:\\Users\\JackelineR\\OneDrive\\Escritorio\\proyecto\\Frontend-UnConnect\\web\\src\\services\\notificaciones-grupo.service.ts": {"lines":{"total":35,"covered":0,"skipped":0,"pct":0},"functions":{"total":14,"covered":0,"skipped":0,"pct":0},"statements":{"total":41,"covered":0,"skipped":0,"pct":0},"branches":{"total":8,"covered":0,"skipped":0,"pct":0}}
,"C:\\Users\\JackelineR\\OneDrive\\Escritorio\\proyecto\\Frontend-UnConnect\\web\\src\\services\\notificaciones-rechazos.service.ts": {"lines":{"total":35,"covered":0,"skipped":0,"pct":0},"functions":{"total":13,"covered":0,"skipped":0,"pct":0},"statements":{"total":42,"covered":0,"skipped":0,"pct":0},"branches":{"total":22,"covered":0,"skipped":0,"pct":0}}
,"C:\\Users\\JackelineR\\OneDrive\\Escritorio\\proyecto\\Frontend-UnConnect\\web\\src\\services\\notificaciones-solicitudes.service.ts": {"lines":{"total":35,"covered":0,"skipped":0,"pct":0},"functions":{"total":13,"covered":0,"skipped":0,"pct":0},"statements":{"total":42,"covered":0,"skipped":0,"pct":0},"branches":{"total":18,"covered":0,"skipped":0,"pct":0}}
,"C:\\Users\\JackelineR\\OneDrive\\Escritorio\\proyecto\\Frontend-UnConnect\\web\\src\\services\\onboarding.service.ts": {"lines":{"total":6,"covered":0,"skipped":0,"pct":0},"functions":{"total":4,"covered":0,"skipped":0,"pct":0},"statements":{"total":6,"covered":0,"skipped":0,"pct":0},"branches":{"total":0,"covered":0,"skipped":0,"pct":100}}
,"C:\\Users\\JackelineR\\OneDrive\\Escritorio\\proyecto\\Frontend-UnConnect\\web\\src\\services\\recursos.service.ts": {"lines":{"total":6,"covered":0,"skipped":0,"pct":0},"functions":{"total":3,"covered":0,"skipped":0,"pct":0},"statements":{"total":6,"covered":0,"skipped":0,"pct":0},"branches":{"total":2,"covered":0,"skipped":0,"pct":0}}
,"C:\\Users\\JackelineR\\OneDrive\\Escritorio\\proyecto\\Frontend-UnConnect\\web\\src\\services\\sesion.service.ts": {"lines":{"total":8,"covered":0,"skipped":0,"pct":0},"functions":{"total":4,"covered":0,"skipped":0,"pct":0},"statements":{"total":8,"covered":0,"skipped":0,"pct":0},"branches":{"total":0,"covered":0,"skipped":0,"pct":100}}
,"C:\\Users\\JackelineR\\OneDrive\\Escritorio\\proyecto\\Frontend-UnConnect\\web\\src\\services\\usuarios.service.ts": {"lines":{"total":30,"covered":0,"skipped":0,"pct":0},"functions":{"total":15,"covered":0,"skipped":0,"pct":0},"statements":{"total":32,"covered":0,"skipped":0,"pct":0},"branches":{"total":32,"covered":0,"skipped":0,"pct":0}}
,"C:\\Users\\JackelineR\\OneDrive\\Escritorio\\proyecto\\Frontend-UnConnect\\web\\src\\types\\api-types.d.ts": {"lines":{"total":0,"covered":0,"skipped":0,"pct":100},"functions":{"total":0,"covered":0,"skipped":0,"pct":100},"statements":{"total":0,"covered":0,"skipped":0,"pct":100},"branches":{"total":0,"covered":0,"skipped":0,"pct":100}}
,"C:\\Users\\JackelineR\\OneDrive\\Escritorio\\proyecto\\Frontend-UnConnect\\web\\src\\types\\api.types.ts": {"lines":{"total":0,"covered":0,"skipped":0,"pct":100},"functions":{"total":0,"covered":0,"skipped":0,"pct":100},"statements":{"total":0,"covered":0,"skipped":0,"pct":100},"branches":{"total":0,"covered":0,"skipped":0,"pct":100}}
}
